{"meta": {"format": 3, "version": "7.6.9", "timestamp": "2025-01-09T17:18:28.605210", "branch_coverage": false, "show_contexts": false}, "files": {"fct/FluvialCorridorToolbox.py": {"executed_lines": [3, 16, 17, 19, 20, 22, 28, 30, 32, 34, 39, 44, 48, 53, 67, 69, 70, 71, 73, 77, 80, 82, 84, 89, 91, 92, 94, 96, 98, 99, 100, 101, 102, 104, 106, 107, 108, 109, 111, 112, 114, 115, 117, 120, 122, 129, 130, 132, 134, 138, 140, 141, 142, 144, 145, 147, 150, 153, 154, 155, 157, 162], "summary": {"covered_lines": 61, "num_statements": 75, "percent_covered": 81.33333333333333, "percent_covered_display": "81", "missing_lines": 14, "excluded_lines": 0}, "missing_lines": [37, 41, 42, 46, 50, 51, 65, 75, 78, 118, 135, 148, 151, 159], "excluded_lines": [], "functions": {"FluvialCorridorToolboxPlugin.__init__": {"executed_lines": [], "summary": {"covered_lines": 0, "num_statements": 1, "percent_covered": 0.0, "percent_covered_display": "0", "missing_lines": 1, "excluded_lines": 0}, "missing_lines": [37], "excluded_lines": []}, "FluvialCorridorToolboxPlugin.initProcessing": {"executed_lines": [], "summary": {"covered_lines": 0, "num_statements": 2, "percent_covered": 0.0, "percent_covered_display": "0", "missing_lines": 2, "excluded_lines": 0}, "missing_lines": [41, 42], "excluded_lines": []}, "FluvialCorridorToolboxPlugin.initGui": {"executed_lines": [], "summary": {"covered_lines": 0, "num_statements": 1, "percent_covered": 0.0, "percent_covered_display": "0", "missing_lines": 1, "excluded_lines": 0}, "missing_lines": [46], "excluded_lines": []}, "FluvialCorridorToolboxPlugin.unload": {"executed_lines": [], "summary": {"covered_lines": 0, "num_statements": 2, "percent_covered": 0.0, "percent_covered_display": "0", "missing_lines": 2, "excluded_lines": 0}, "missing_lines": [50, 51], "excluded_lines": []}, "FluvialCorridorToolboxPlugin.tr": {"executed_lines": [], "summary": {"covered_lines": 0, "num_statements": 1, "percent_covered": 0.0, "percent_covered_display": "0", "missing_lines": 1, "excluded_lines": 0}, "missing_lines": [65], "excluded_lines": []}, "FluvialCorridorBaseProvider.__init__": {"executed_lines": [70, 71], "summary": {"covered_lines": 2, "num_statements": 2, "percent_covered": 100.0, "percent_covered_display": "100", "missing_lines": 0, "excluded_lines": 0}, "missing_lines": [], "excluded_lines": []}, "FluvialCorridorBaseProvider.groupDisplayName": {"executed_lines": [], "summary": {"covered_lines": 0, "num_statements": 1, "percent_covered": 0.0, "percent_covered_display": "0", "missing_lines": 1, "excluded_lines": 0}, "missing_lines": [75], "excluded_lines": []}, "FluvialCorridorBaseProvider.icon": {"executed_lines": [], "summary": {"covered_lines": 0, "num_statements": 1, "percent_covered": 0.0, "percent_covered_display": "0", "missing_lines": 1, "excluded_lines": 0}, "missing_lines": [78], "excluded_lines": []}, "FluvialCorridorBaseProvider.loadAlgorithms": {"executed_lines": [82, 84, 89, 91, 92, 94, 96, 98, 99, 100, 101, 102], "summary": {"covered_lines": 12, "num_statements": 12, "percent_covered": 100.0, "percent_covered_display": "100", "missing_lines": 0, "excluded_lines": 0}, "missing_lines": [], "excluded_lines": []}, "FluvialCorridorToolboxProvider.id": {"executed_lines": [112], "summary": {"covered_lines": 1, "num_statements": 1, "percent_covered": 100.0, "percent_covered_display": "100", "missing_lines": 0, "excluded_lines": 0}, "missing_lines": [], "excluded_lines": []}, "FluvialCorridorToolboxProvider.name": {"executed_lines": [115], "summary": {"covered_lines": 1, "num_statements": 1, "percent_covered": 100.0, "percent_covered_display": "100", "missing_lines": 0, "excluded_lines": 0}, "missing_lines": [], "excluded_lines": []}, "FluvialCorridorToolboxProvider.longName": {"executed_lines": [], "summary": {"covered_lines": 0, "num_statements": 1, "percent_covered": 0.0, "percent_covered_display": "0", "missing_lines": 1, "excluded_lines": 0}, "missing_lines": [118], "excluded_lines": []}, "FluvialCorridorToolboxProvider.load": {"executed_lines": [122, 129, 130, 132], "summary": {"covered_lines": 4, "num_statements": 4, "percent_covered": 100.0, "percent_covered_display": "100", "missing_lines": 0, "excluded_lines": 0}, "missing_lines": [], "excluded_lines": []}, "FluvialCorridorToolboxProvider.unload": {"executed_lines": [], "summary": {"covered_lines": 0, "num_statements": 1, "percent_covered": 0.0, "percent_covered_display": "0", "missing_lines": 1, "excluded_lines": 0}, "missing_lines": [135], "excluded_lines": []}, "FluvialCorridorWorkflowsProvider.id": {"executed_lines": [145], "summary": {"covered_lines": 1, "num_statements": 1, "percent_covered": 100.0, "percent_covered_display": "100", "missing_lines": 0, "excluded_lines": 0}, "missing_lines": [], "excluded_lines": []}, "FluvialCorridorWorkflowsProvider.name": {"executed_lines": [], "summary": {"covered_lines": 0, "num_statements": 1, "percent_covered": 0.0, "percent_covered_display": "0", "missing_lines": 1, "excluded_lines": 0}, "missing_lines": [148], "excluded_lines": []}, "FluvialCorridorWorkflowsProvider.longName": {"executed_lines": [], "summary": {"covered_lines": 0, "num_statements": 1, "percent_covered": 0.0, "percent_covered_display": "0", "missing_lines": 1, "excluded_lines": 0}, "missing_lines": [151], "excluded_lines": []}, "FluvialCorridorWorkflowsProvider.load": {"executed_lines": [154, 155], "summary": {"covered_lines": 2, "num_statements": 2, "percent_covered": 100.0, "percent_covered_display": "100", "missing_lines": 0, "excluded_lines": 0}, "missing_lines": [], "excluded_lines": []}, "FluvialCorridorWorkflowsProvider.groupDisplayName": {"executed_lines": [], "summary": {"covered_lines": 0, "num_statements": 1, "percent_covered": 0.0, "percent_covered_display": "0", "missing_lines": 1, "excluded_lines": 0}, "missing_lines": [159], "excluded_lines": []}, "": {"executed_lines": [3, 16, 17, 19, 20, 22, 28, 30, 32, 34, 39, 44, 48, 53, 67, 69, 73, 77, 80, 104, 106, 107, 108, 109, 111, 114, 117, 120, 134, 138, 140, 141, 142, 144, 147, 150, 153, 157, 162], "summary": {"covered_lines": 38, "num_statements": 38, "percent_covered": 100.0, "percent_covered_display": "100", "missing_lines": 0, "excluded_lines": 0}, "missing_lines": [], "excluded_lines": []}}, "classes": {"FluvialCorridorToolboxPlugin": {"executed_lines": [], "summary": {"covered_lines": 0, "num_statements": 7, "percent_covered": 0.0, "percent_covered_display": "0", "missing_lines": 7, "excluded_lines": 0}, "missing_lines": [37, 41, 42, 46, 50, 51, 65], "excluded_lines": []}, "FluvialCorridorBaseProvider": {"executed_lines": [70, 71, 82, 84, 89, 91, 92, 94, 96, 98, 99, 100, 101, 102], "summary": {"covered_lines": 14, "num_statements": 16, "percent_covered": 87.5, "percent_covered_display": "88", "missing_lines": 2, "excluded_lines": 0}, "missing_lines": [75, 78], "excluded_lines": []}, "FluvialCorridorToolboxProvider": {"executed_lines": [112, 115, 122, 129, 130, 132], "summary": {"covered_lines": 6, "num_statements": 8, "percent_covered": 75.0, "percent_covered_display": "75", "missing_lines": 2, "excluded_lines": 0}, "missing_lines": [118, 135], "excluded_lines": []}, "FluvialCorridorWorkflowsProvider": {"executed_lines": [145, 154, 155], "summary": {"covered_lines": 3, "num_statements": 6, "percent_covered": 50.0, "percent_covered_display": "50", "missing_lines": 3, "excluded_lines": 0}, "missing_lines": [148, 151, 159], "excluded_lines": []}, "": {"executed_lines": [3, 16, 17, 19, 20, 22, 28, 30, 32, 34, 39, 44, 48, 53, 67, 69, 73, 77, 80, 104, 106, 107, 108, 109, 111, 114, 117, 120, 134, 138, 140, 141, 142, 144, 147, 150, 153, 157, 162], "summary": {"covered_lines": 38, "num_statements": 38, "percent_covered": 100.0, "percent_covered_display": "100", "missing_lines": 0, "excluded_lines": 0}, "missing_lines": [], "excluded_lines": []}}}, "fct/__init__.py": {"executed_lines": [3, 5], "summary": {"covered_lines": 2, "num_statements": 3, "percent_covered": 66.66666666666667, "percent_covered_display": "67", "missing_lines": 1, "excluded_lines": 0}, "missing_lines": [7], "excluded_lines": [], "functions": {"classFactory": {"executed_lines": [], "summary": {"covered_lines": 0, "num_statements": 1, "percent_covered": 0.0, "percent_covered_display": "0", "missing_lines": 1, "excluded_lines": 0}, "missing_lines": [7], "excluded_lines": []}, "": {"executed_lines": [3, 5], "summary": {"covered_lines": 2, "num_statements": 2, "percent_covered": 100.0, "percent_covered_display": "100", "missing_lines": 0, "excluded_lines": 0}, "missing_lines": [], "excluded_lines": []}}, "classes": {"": {"executed_lines": [3, 5], "summary": {"covered_lines": 2, "num_statements": 3, "percent_covered": 66.66666666666667, "percent_covered_display": "67", "missing_lines": 1, "excluded_lines": 0}, "missing_lines": [7], "excluded_lines": []}}}, "fct/algorithms/__init__.py": {"executed_lines": [0], "summary": {"covered_lines": 0, "num_statements": 0, "percent_covered": 100.0, "percent_covered_display": "100", "missing_lines": 0, "excluded_lines": 0}, "missing_lines": [], "excluded_lines": [], "functions": {"": {"executed_lines": [], "summary": {"covered_lines": 0, "num_statements": 0, "percent_covered": 100.0, "percent_covered_display": "100", "missing_lines": 0, "excluded_lines": 0}, "missing_lines": [], "excluded_lines": []}}, "classes": {"": {"executed_lines": [], "summary": {"covered_lines": 0, "num_statements": 0, "percent_covered": 100.0, "percent_covered_display": "100", "missing_lines": 0, "excluded_lines": 0}, "missing_lines": [], "excluded_lines": []}}}, "fct/algorithms/hydrography/AggregateStreamSegments.py": {"executed_lines": [3, 16, 18, 22, 38, 40, 41, 42, 44, 46, 47, 50, 52, 53, 54, 55, 56, 57, 59, 61, 66, 73, 81, 89, 96, 101, 103, 104, 105, 106, 107, 109, 110, 116, 117, 118, 120, 122, 126, 128, 129, 130, 131, 133, 142, 145, 146, 148, 165, 170, 173, 175, 176, 178, 180, 181, 191, 193, 196, 197, 198, 199, 200, 207, 209, 212, 216, 218, 219, 221, 223, 226, 227, 228, 230, 232, 234, 235, 236, 238, 239, 241, 243, 244, 245, 247, 248, 250, 252, 253, 254, 261, 263, 266, 275, 277, 279], "summary": {"covered_lines": 95, "num_statements": 114, "percent_covered": 83.33333333333333, "percent_covered_display": "83", "missing_lines": 19, "excluded_lines": 0}, "missing_lines": [123, 124, 153, 155, 157, 158, 160, 161, 163, 171, 185, 187, 188, 189, 194, 224, 268, 270, 271], "excluded_lines": [], "functions": {"AggregateStreamSegments.initAlgorithm": {"executed_lines": [61, 66, 73, 81, 89, 96], "summary": {"covered_lines": 6, "num_statements": 6, "percent_covered": 100.0, "percent_covered_display": "100", "missing_lines": 0, "excluded_lines": 0}, "missing_lines": [], "excluded_lines": []}, "AggregateStreamSegments.processAlgorithm": {"executed_lines": [103, 104, 105, 106, 107, 109, 110, 116, 117, 118, 120, 122, 126, 128, 129, 130, 131, 133, 142, 145, 146, 148, 165, 266, 275, 277, 279], "summary": {"covered_lines": 27, "num_statements": 32, "percent_covered": 84.375, "percent_covered_display": "84", "missing_lines": 5, "excluded_lines": 0}, "missing_lines": [123, 124, 268, 270, 271], "excluded_lines": []}, "AggregateStreamSegments.processAlgorithm.countCategories": {"executed_lines": [], "summary": {"covered_lines": 0, "num_statements": 7, "percent_covered": 0.0, "percent_covered_display": "0", "missing_lines": 7, "excluded_lines": 0}, "missing_lines": [153, 155, 157, 158, 160, 161, 163], "excluded_lines": []}, "AggregateStreamSegments.processAlgorithm.processCategory": {"executed_lines": [170, 173, 175, 176, 178, 180, 181, 191, 193, 196, 197, 198, 199, 200, 207, 209, 212, 216, 218, 219, 221, 223, 226, 227, 228, 230, 232, 234, 235, 236, 238, 239, 241, 243, 244, 245, 247, 248, 250, 252, 253, 254, 261, 263], "summary": {"covered_lines": 44, "num_statements": 51, "percent_covered": 86.27450980392157, "percent_covered_display": "86", "missing_lines": 7, "excluded_lines": 0}, "missing_lines": [171, 185, 187, 188, 189, 194, 224], "excluded_lines": []}, "": {"executed_lines": [3, 16, 18, 22, 38, 40, 41, 42, 44, 46, 47, 50, 52, 53, 54, 55, 56, 57, 59, 101], "summary": {"covered_lines": 18, "num_statements": 18, "percent_covered": 100.0, "percent_covered_display": "100", "missing_lines": 0, "excluded_lines": 0}, "missing_lines": [], "excluded_lines": []}}, "classes": {"AggregateStreamSegments": {"executed_lines": [61, 66, 73, 81, 89, 96, 103, 104, 105, 106, 107, 109, 110, 116, 117, 118, 120, 122, 126, 128, 129, 130, 131, 133, 142, 145, 146, 148, 165, 170, 173, 175, 176, 178, 180, 181, 191, 193, 196, 197, 198, 199, 200, 207, 209, 212, 216, 218, 219, 221, 223, 226, 227, 228, 230, 232, 234, 235, 236, 238, 239, 241, 243, 244, 245, 247, 248, 250, 252, 253, 254, 261, 263, 266, 275, 277, 279], "summary": {"covered_lines": 77, "num_statements": 96, "percent_covered": 80.20833333333333, "percent_covered_display": "80", "missing_lines": 19, "excluded_lines": 0}, "missing_lines": [123, 124, 153, 155, 157, 158, 160, 161, 163, 171, 185, 187, 188, 189, 194, 224, 268, 270, 271], "excluded_lines": []}, "": {"executed_lines": [3, 16, 18, 22, 38, 40, 41, 42, 44, 46, 47, 50, 52, 53, 54, 55, 56, 57, 59, 101], "summary": {"covered_lines": 18, "num_statements": 18, "percent_covered": 100.0, "percent_covered_display": "100", "missing_lines": 0, "excluded_lines": 0}, "missing_lines": [], "excluded_lines": []}}}, "fct/algorithms/hydrography/AggregateUndirectedLines.py": {"executed_lines": [3, 16, 22, 26, 43, 44, 46, 48, 49, 52, 54, 55, 56, 57, 58, 59, 61, 63, 68, 75, 82, 89, 94, 96, 97, 98, 99, 101, 105, 107, 113, 119, 120, 122, 139, 144, 147, 149, 150, 152, 154, 155, 165, 167, 170, 171, 172, 173, 174, 175, 182, 184, 187, 189, 190, 191, 192, 194, 196, 199, 200, 201, 203, 205, 207, 210, 211, 213, 214, 215, 216, 218, 219, 220, 222, 224, 226, 229, 231, 232, 234, 237, 238, 239, 241, 242, 244, 245, 247, 249, 250, 251, 256, 258, 259, 262, 271, 273, 275], "summary": {"covered_lines": 97, "num_statements": 119, "percent_covered": 81.5126050420168, "percent_covered_display": "82", "missing_lines": 22, "excluded_lines": 0}, "missing_lines": [102, 103, 127, 129, 131, 132, 134, 135, 137, 145, 159, 161, 162, 163, 168, 197, 208, 227, 235, 264, 266, 267], "excluded_lines": [], "functions": {"AggregateUndirectedLines.initAlgorithm": {"executed_lines": [63, 68, 75, 82, 89], "summary": {"covered_lines": 5, "num_statements": 5, "percent_covered": 100.0, "percent_covered_display": "100", "missing_lines": 0, "excluded_lines": 0}, "missing_lines": [], "excluded_lines": []}, "AggregateUndirectedLines.processAlgorithm": {"executed_lines": [96, 97, 98, 99, 101, 105, 107, 113, 119, 120, 122, 139, 262, 271, 273, 275], "summary": {"covered_lines": 16, "num_statements": 21, "percent_covered": 76.19047619047619, "percent_covered_display": "76", "missing_lines": 5, "excluded_lines": 0}, "missing_lines": [102, 103, 264, 266, 267], "excluded_lines": []}, "AggregateUndirectedLines.processAlgorithm.countCategories": {"executed_lines": [], "summary": {"covered_lines": 0, "num_statements": 7, "percent_covered": 0.0, "percent_covered_display": "0", "missing_lines": 7, "excluded_lines": 0}, "missing_lines": [127, 129, 131, 132, 134, 135, 137], "excluded_lines": []}, "AggregateUndirectedLines.processAlgorithm.processCategory": {"executed_lines": [144, 147, 149, 150, 152, 154, 155, 165, 167, 170, 171, 172, 173, 174, 175, 182, 184, 187, 189, 190, 191, 192, 194, 196, 199, 200, 201, 203, 205, 207, 210, 211, 213, 214, 215, 216, 218, 219, 220, 222, 224, 226, 229, 231, 232, 234, 237, 238, 239, 241, 242, 244, 245, 247, 249, 250, 251, 256, 258, 259], "summary": {"covered_lines": 60, "num_statements": 70, "percent_covered": 85.71428571428571, "percent_covered_display": "86", "missing_lines": 10, "excluded_lines": 0}, "missing_lines": [145, 159, 161, 162, 163, 168, 197, 208, 227, 235], "excluded_lines": []}, "": {"executed_lines": [3, 16, 22, 26, 43, 44, 46, 48, 49, 52, 54, 55, 56, 57, 58, 59, 61, 94], "summary": {"covered_lines": 16, "num_statements": 16, "percent_covered": 100.0, "percent_covered_display": "100", "missing_lines": 0, "excluded_lines": 0}, "missing_lines": [], "excluded_lines": []}}, "classes": {"AggregateUndirectedLines": {"executed_lines": [63, 68, 75, 82, 89, 96, 97, 98, 99, 101, 105, 107, 113, 119, 120, 122, 139, 144, 147, 149, 150, 152, 154, 155, 165, 167, 170, 171, 172, 173, 174, 175, 182, 184, 187, 189, 190, 191, 192, 194, 196, 199, 200, 201, 203, 205, 207, 210, 211, 213, 214, 215, 216, 218, 219, 220, 222, 224, 226, 229, 231, 232, 234, 237, 238, 239, 241, 242, 244, 245, 247, 249, 250, 251, 256, 258, 259, 262, 271, 273, 275], "summary": {"covered_lines": 81, "num_statements": 103, "percent_covered": 78.64077669902913, "percent_covered_display": "79", "missing_lines": 22, "excluded_lines": 0}, "missing_lines": [102, 103, 127, 129, 131, 132, 134, 135, 137, 145, 159, 161, 162, 163, 168, 197, 208, 227, 235, 264, 266, 267], "excluded_lines": []}, "": {"executed_lines": [3, 16, 22, 26, 43, 44, 46, 48, 49, 52, 54, 55, 56, 57, 58, 59, 61, 94], "summary": {"covered_lines": 16, "num_statements": 16, "percent_covered": 100.0, "percent_covered_display": "100", "missing_lines": 0, "excluded_lines": 0}, "missing_lines": [], "excluded_lines": []}}}, "fct/algorithms/hydrography/ConnectLines.py": {"executed_lines": [3, 16, 18, 33, 35, 42, 43, 50, 52, 53, 54, 55, 56, 58, 60, 65, 72, 79, 85, 90], "summary": {"covered_lines": 18, "num_statements": 122, "percent_covered": 14.754098360655737, "percent_covered_display": "15", "missing_lines": 104, "excluded_lines": 0}, "missing_lines": [92, 93, 94, 95, 97, 103, 106, 107, 109, 111, 113, 114, 116, 117, 118, 119, 121, 122, 123, 125, 126, 127, 129, 131, 133, 134, 136, 138, 140, 141, 143, 144, 145, 147, 148, 149, 151, 153, 154, 156, 157, 159, 160, 161, 162, 164, 166, 168, 170, 172, 173, 174, 176, 178, 179, 181, 183, 189, 193, 194, 195, 197, 199, 200, 209, 213, 217, 218, 221, 222, 223, 226, 227, 228, 235, 237, 240, 241, 242, 244, 245, 247, 251, 252, 254, 255, 256, 258, 260, 262, 263, 265, 266, 268, 270, 272, 274, 276, 278, 279, 281, 282, 284, 286], "excluded_lines": [], "functions": {"ConnectLines.initAlgorithm": {"executed_lines": [60, 65, 72, 79, 85], "summary": {"covered_lines": 5, "num_statements": 5, "percent_covered": 100.0, "percent_covered_display": "100", "missing_lines": 0, "excluded_lines": 0}, "missing_lines": [], "excluded_lines": []}, "ConnectLines.processAlgorithm": {"executed_lines": [], "summary": {"covered_lines": 0, "num_statements": 104, "percent_covered": 0.0, "percent_covered_display": "0", "missing_lines": 104, "excluded_lines": 0}, "missing_lines": [92, 93, 94, 95, 97, 103, 106, 107, 109, 111, 113, 114, 116, 117, 118, 119, 121, 122, 123, 125, 126, 127, 129, 131, 133, 134, 136, 138, 140, 141, 143, 144, 145, 147, 148, 149, 151, 153, 154, 156, 157, 159, 160, 161, 162, 164, 166, 168, 170, 172, 173, 174, 176, 178, 179, 181, 183, 189, 193, 194, 195, 197, 199, 200, 209, 213, 217, 218, 221, 222, 223, 226, 227, 228, 235, 237, 240, 241, 242, 244, 245, 247, 251, 252, 254, 255, 256, 258, 260, 262, 263, 265, 266, 268, 270, 272, 274, 276, 278, 279, 281, 282, 284, 286], "excluded_lines": []}, "": {"executed_lines": [3, 16, 18, 33, 35, 42, 43, 50, 52, 53, 54, 55, 56, 58, 90], "summary": {"covered_lines": 13, "num_statements": 13, "percent_covered": 100.0, "percent_covered_display": "100", "missing_lines": 0, "excluded_lines": 0}, "missing_lines": [], "excluded_lines": []}}, "classes": {"ConnectLines": {"executed_lines": [60, 65, 72, 79, 85], "summary": {"covered_lines": 5, "num_statements": 109, "percent_covered": 4.587155963302752, "percent_covered_display": "5", "missing_lines": 104, "excluded_lines": 0}, "missing_lines": [92, 93, 94, 95, 97, 103, 106, 107, 109, 111, 113, 114, 116, 117, 118, 119, 121, 122, 123, 125, 126, 127, 129, 131, 133, 134, 136, 138, 140, 141, 143, 144, 145, 147, 148, 149, 151, 153, 154, 156, 157, 159, 160, 161, 162, 164, 166, 168, 170, 172, 173, 174, 176, 178, 179, 181, 183, 189, 193, 194, 195, 197, 199, 200, 209, 213, 217, 218, 221, 222, 223, 226, 227, 228, 235, 237, 240, 241, 242, 244, 245, 247, 251, 252, 254, 255, 256, 258, 260, 262, 263, 265, 266, 268, 270, 272, 274, 276, 278, 279, 281, 282, 284, 286], "excluded_lines": []}, "": {"executed_lines": [3, 16, 18, 33, 35, 42, 43, 50, 52, 53, 54, 55, 56, 58, 90], "summary": {"covered_lines": 13, "num_statements": 13, "percent_covered": 100.0, "percent_covered_display": "100", "missing_lines": 0, "excluded_lines": 0}, "missing_lines": [], "excluded_lines": []}}}, "fct/algorithms/hydrography/FixLinkOrientation.py": {"executed_lines": [3, 17, 18, 20, 33, 35, 45, 46, 54, 56, 57, 58, 59, 60, 61, 62, 63, 65, 66, 67, 69, 71, 76, 83, 90, 95, 104, 111, 112, 114, 115, 117, 118, 123, 125, 126, 127, 128, 129, 130, 131, 133, 137, 141, 143, 147, 149, 150, 151, 152, 154, 156, 159, 161, 162, 164, 165, 167, 169, 172, 174, 175, 177, 179, 181, 183, 184, 186, 188, 190, 192, 200, 201, 202, 203, 204, 208, 211, 212, 214, 216, 218, 221, 222, 223, 224, 226, 227, 229, 233, 234, 235, 236, 237, 239, 241, 244, 245, 246, 248, 251, 256, 258, 260, 264, 266, 268, 269, 270, 271, 272, 273, 282, 291, 294, 295, 297, 298, 299, 303, 308, 310, 312, 317, 342, 343, 344, 346, 365, 367, 369, 372, 373, 376, 378, 380, 381, 383, 385, 386, 387, 388, 390, 394, 398, 400, 401, 403, 404, 406, 408, 410, 416, 418, 420, 421, 423, 425, 426, 427, 428, 430, 431, 433], "summary": {"covered_lines": 162, "num_statements": 197, "percent_covered": 82.23350253807106, "percent_covered_display": "82", "missing_lines": 35, "excluded_lines": 0}, "missing_lines": [134, 135, 157, 170, 219, 242, 249, 262, 292, 301, 313, 314, 315, 319, 320, 322, 323, 324, 325, 327, 328, 330, 332, 333, 334, 335, 336, 338, 348, 359, 370, 374, 411, 412, 413], "excluded_lines": [], "functions": {"FixLinkOrientation.initParameters": {"executed_lines": [71, 76, 83, 90, 95, 104], "summary": {"covered_lines": 6, "num_statements": 6, "percent_covered": 100.0, "percent_covered_display": "100", "missing_lines": 0, "excluded_lines": 0}, "missing_lines": [], "excluded_lines": []}, "FixLinkOrientation.inputLayerTypes": {"executed_lines": [112], "summary": {"covered_lines": 1, "num_statements": 1, "percent_covered": 100.0, "percent_covered_display": "100", "missing_lines": 0, "excluded_lines": 0}, "missing_lines": [], "excluded_lines": []}, "FixLinkOrientation.outputName": {"executed_lines": [115], "summary": {"covered_lines": 1, "num_statements": 1, "percent_covered": 100.0, "percent_covered_display": "100", "missing_lines": 0, "excluded_lines": 0}, "missing_lines": [], "excluded_lines": []}, "FixLinkOrientation.outputWkbType": {"executed_lines": [118], "summary": {"covered_lines": 1, "num_statements": 1, "percent_covered": 100.0, "percent_covered_display": "100", "missing_lines": 0, "excluded_lines": 0}, "missing_lines": [], "excluded_lines": []}, "FixLinkOrientation.prepareAlgorithm": {"executed_lines": [125, 126, 127, 128, 129, 130, 131, 133, 137, 141], "summary": {"covered_lines": 10, "num_statements": 12, "percent_covered": 83.33333333333333, "percent_covered_display": "83", "missing_lines": 2, "excluded_lines": 0}, "missing_lines": [134, 135], "excluded_lines": []}, "FixLinkOrientation.findOutlets": {"executed_lines": [147, 149, 150, 151, 152, 154, 156, 159, 161, 162, 164, 165, 167, 169, 172, 174, 175, 177, 179, 181, 183, 184, 186, 188, 190], "summary": {"covered_lines": 25, "num_statements": 27, "percent_covered": 92.5925925925926, "percent_covered_display": "93", "missing_lines": 2, "excluded_lines": 0}, "missing_lines": [157, 170], "excluded_lines": []}, "FixLinkOrientation.processNetwork": {"executed_lines": [200, 201, 202, 203, 204, 208, 211, 212, 214, 216, 218, 221, 222, 223, 224, 226, 227, 229, 233, 234, 235, 236, 237, 239, 241, 244, 245, 246, 248, 251, 256, 258, 260, 264, 266, 268, 269, 270, 271, 272, 273, 282, 303, 308, 310, 312, 317, 342, 343, 344, 346, 365, 367, 369, 372, 373, 376, 378, 380, 381, 383, 385, 386, 387, 388, 390, 394, 398, 400, 401, 403, 404], "summary": {"covered_lines": 72, "num_statements": 98, "percent_covered": 73.46938775510205, "percent_covered_display": "73", "missing_lines": 26, "excluded_lines": 0}, "missing_lines": [219, 242, 249, 262, 313, 314, 315, 319, 320, 322, 323, 324, 325, 327, 328, 330, 332, 333, 334, 335, 336, 338, 348, 359, 370, 374], "excluded_lines": []}, "FixLinkOrientation.processNetwork.issink": {"executed_lines": [291, 294, 295, 297, 298, 299], "summary": {"covered_lines": 6, "num_statements": 8, "percent_covered": 75.0, "percent_covered_display": "75", "missing_lines": 2, "excluded_lines": 0}, "missing_lines": [292, 301], "excluded_lines": []}, "FixLinkOrientation.processAlgorithm": {"executed_lines": [408, 410, 416], "summary": {"covered_lines": 3, "num_statements": 6, "percent_covered": 50.0, "percent_covered_display": "50", "missing_lines": 3, "excluded_lines": 0}, "missing_lines": [411, 412, 413], "excluded_lines": []}, "FixLinkOrientation.processFeature": {"executed_lines": [420, 421, 423, 425, 426, 427, 428, 430, 431, 433], "summary": {"covered_lines": 10, "num_statements": 10, "percent_covered": 100.0, "percent_covered_display": "100", "missing_lines": 0, "excluded_lines": 0}, "missing_lines": [], "excluded_lines": []}, "": {"executed_lines": [3, 17, 18, 20, 33, 35, 45, 46, 54, 56, 57, 58, 59, 60, 61, 62, 63, 65, 66, 67, 69, 111, 114, 117, 123, 143, 192, 406, 418], "summary": {"covered_lines": 27, "num_statements": 27, "percent_covered": 100.0, "percent_covered_display": "100", "missing_lines": 0, "excluded_lines": 0}, "missing_lines": [], "excluded_lines": []}}, "classes": {"FixLinkOrientation": {"executed_lines": [71, 76, 83, 90, 95, 104, 112, 115, 118, 125, 126, 127, 128, 129, 130, 131, 133, 137, 141, 147, 149, 150, 151, 152, 154, 156, 159, 161, 162, 164, 165, 167, 169, 172, 174, 175, 177, 179, 181, 183, 184, 186, 188, 190, 200, 201, 202, 203, 204, 208, 211, 212, 214, 216, 218, 221, 222, 223, 224, 226, 227, 229, 233, 234, 235, 236, 237, 239, 241, 244, 245, 246, 248, 251, 256, 258, 260, 264, 266, 268, 269, 270, 271, 272, 273, 282, 291, 294, 295, 297, 298, 299, 303, 308, 310, 312, 317, 342, 343, 344, 346, 365, 367, 369, 372, 373, 376, 378, 380, 381, 383, 385, 386, 387, 388, 390, 394, 398, 400, 401, 403, 404, 408, 410, 416, 420, 421, 423, 425, 426, 427, 428, 430, 431, 433], "summary": {"covered_lines": 135, "num_statements": 170, "percent_covered": 79.41176470588235, "percent_covered_display": "79", "missing_lines": 35, "excluded_lines": 0}, "missing_lines": [134, 135, 157, 170, 219, 242, 249, 262, 292, 301, 313, 314, 315, 319, 320, 322, 323, 324, 325, 327, 328, 330, 332, 333, 334, 335, 336, 338, 348, 359, 370, 374, 411, 412, 413], "excluded_lines": []}, "": {"executed_lines": [3, 17, 18, 20, 33, 35, 45, 46, 54, 56, 57, 58, 59, 60, 61, 62, 63, 65, 66, 67, 69, 111, 114, 117, 123, 143, 192, 406, 418], "summary": {"covered_lines": 27, "num_statements": 27, "percent_covered": 100.0, "percent_covered_display": "100", "missing_lines": 0, "excluded_lines": 0}, "missing_lines": [], "excluded_lines": []}}}, "fct/algorithms/hydrography/FixNetworkConnectivity.py": {"executed_lines": [3, 16, 19, 29, 31, 32, 36, 38, 39, 40, 41, 42, 43, 45, 47, 52, 57, 64, 77, 82], "summary": {"covered_lines": 18, "num_statements": 98, "percent_covered": 18.367346938775512, "percent_covered_display": "18", "missing_lines": 80, "excluded_lines": 0}, "missing_lines": [84, 85, 86, 87, 90, 96, 98, 99, 100, 102, 104, 105, 107, 108, 110, 111, 113, 115, 117, 118, 119, 121, 123, 124, 126, 127, 129, 130, 132, 134, 136, 138, 139, 140, 141, 143, 145, 147, 148, 150, 152, 153, 154, 155, 156, 158, 159, 161, 163, 165, 166, 168, 170, 171, 173, 175, 177, 178, 182, 184, 186, 187, 188, 189, 191, 192, 194, 196, 197, 199, 201, 202, 203, 205, 207, 208, 209, 210, 211, 213], "excluded_lines": [], "functions": {"FixNetworkConnectivity.initAlgorithm": {"executed_lines": [47, 52, 57, 64, 77], "summary": {"covered_lines": 5, "num_statements": 5, "percent_covered": 100.0, "percent_covered_display": "100", "missing_lines": 0, "excluded_lines": 0}, "missing_lines": [], "excluded_lines": []}, "FixNetworkConnectivity.processAlgorithm": {"executed_lines": [], "summary": {"covered_lines": 0, "num_statements": 80, "percent_covered": 0.0, "percent_covered_display": "0", "missing_lines": 80, "excluded_lines": 0}, "missing_lines": [84, 85, 86, 87, 90, 96, 98, 99, 100, 102, 104, 105, 107, 108, 110, 111, 113, 115, 117, 118, 119, 121, 123, 124, 126, 127, 129, 130, 132, 134, 136, 138, 139, 140, 141, 143, 145, 147, 148, 150, 152, 153, 154, 155, 156, 158, 159, 161, 163, 165, 166, 168, 170, 171, 173, 175, 177, 178, 182, 184, 186, 187, 188, 189, 191, 192, 194, 196, 197, 199, 201, 202, 203, 205, 207, 208, 209, 210, 211, 213], "excluded_lines": []}, "": {"executed_lines": [3, 16, 19, 29, 31, 32, 36, 38, 39, 40, 41, 42, 43, 45, 82], "summary": {"covered_lines": 13, "num_statements": 13, "percent_covered": 100.0, "percent_covered_display": "100", "missing_lines": 0, "excluded_lines": 0}, "missing_lines": [], "excluded_lines": []}}, "classes": {"FixNetworkConnectivity": {"executed_lines": [47, 52, 57, 64, 77], "summary": {"covered_lines": 5, "num_statements": 85, "percent_covered": 5.882352941176471, "percent_covered_display": "6", "missing_lines": 80, "excluded_lines": 0}, "missing_lines": [84, 85, 86, 87, 90, 96, 98, 99, 100, 102, 104, 105, 107, 108, 110, 111, 113, 115, 117, 118, 119, 121, 123, 124, 126, 127, 129, 130, 132, 134, 136, 138, 139, 140, 141, 143, 145, 147, 148, 150, 152, 153, 154, 155, 156, 158, 159, 161, 163, 165, 166, 168, 170, 171, 173, 175, 177, 178, 182, 184, 186, 187, 188, 189, 191, 192, 194, 196, 197, 199, 201, 202, 203, 205, 207, 208, 209, 210, 211, 213], "excluded_lines": []}, "": {"executed_lines": [3, 16, 19, 29, 31, 32, 36, 38, 39, 40, 41, 42, 43, 45, 82], "summary": {"covered_lines": 13, "num_statements": 13, "percent_covered": 100.0, "percent_covered_display": "100", "missing_lines": 0, "excluded_lines": 0}, "missing_lines": [], "excluded_lines": []}}}, "fct/algorithms/hydrography/FixNetworkCycles.py": {"executed_lines": [3, 16, 17, 19, 23, 37, 38, 40, 42, 46, 47, 52, 54, 55, 56, 57, 59, 61, 66, 73, 80, 85], "summary": {"covered_lines": 20, "num_statements": 141, "percent_covered": 14.184397163120567, "percent_covered_display": "14", "missing_lines": 121, "excluded_lines": 0}, "missing_lines": [43, 44, 87, 89, 90, 91, 93, 94, 97, 98, 99, 101, 103, 104, 106, 107, 109, 111, 112, 113, 115, 117, 118, 120, 121, 122, 124, 129, 130, 131, 133, 135, 136, 138, 139, 140, 142, 144, 146, 147, 149, 150, 152, 154, 156, 162, 163, 164, 165, 167, 168, 169, 170, 171, 172, 173, 174, 176, 178, 179, 181, 182, 183, 184, 185, 191, 192, 193, 194, 195, 196, 197, 198, 200, 214, 216, 218, 219, 221, 223, 224, 226, 228, 230, 231, 233, 234, 236, 238, 239, 241, 247, 249, 251, 252, 254, 255, 256, 258, 260, 261, 263, 264, 265, 268, 272, 273, 274, 275, 276, 277, 280, 281, 283, 287, 288, 289, 292, 294, 296, 298], "excluded_lines": [], "functions": {"NodeData.__init__": {"executed_lines": [], "summary": {"covered_lines": 0, "num_statements": 2, "percent_covered": 0.0, "percent_covered_display": "0", "missing_lines": 2, "excluded_lines": 0}, "missing_lines": [43, 44], "excluded_lines": []}, "FixNetworkCycles.initAlgorithm": {"executed_lines": [61, 66, 73, 80], "summary": {"covered_lines": 4, "num_statements": 4, "percent_covered": 100.0, "percent_covered_display": "100", "missing_lines": 0, "excluded_lines": 0}, "missing_lines": [], "excluded_lines": []}, "FixNetworkCycles.processAlgorithm": {"executed_lines": [], "summary": {"covered_lines": 0, "num_statements": 73, "percent_covered": 0.0, "percent_covered_display": "0", "missing_lines": 73, "excluded_lines": 0}, "missing_lines": [87, 89, 90, 91, 93, 94, 97, 98, 99, 101, 103, 104, 106, 107, 109, 111, 112, 113, 115, 117, 118, 120, 121, 122, 124, 156, 214, 216, 218, 219, 221, 223, 224, 226, 228, 230, 231, 233, 234, 236, 238, 239, 241, 247, 249, 251, 252, 254, 255, 256, 258, 260, 261, 263, 264, 265, 268, 272, 273, 274, 275, 276, 277, 280, 281, 283, 287, 288, 289, 292, 294, 296, 298], "excluded_lines": []}, "FixNetworkCycles.processAlgorithm.fix_cycle": {"executed_lines": [], "summary": {"covered_lines": 0, "num_statements": 17, "percent_covered": 0.0, "percent_covered_display": "0", "missing_lines": 17, "excluded_lines": 0}, "missing_lines": [129, 130, 131, 133, 135, 136, 138, 139, 140, 142, 144, 146, 147, 149, 150, 152, 154], "excluded_lines": []}, "FixNetworkCycles.processAlgorithm.connect": {"executed_lines": [], "summary": {"covered_lines": 0, "num_statements": 29, "percent_covered": 0.0, "percent_covered_display": "0", "missing_lines": 29, "excluded_lines": 0}, "missing_lines": [162, 163, 164, 165, 167, 168, 169, 170, 171, 172, 173, 174, 176, 178, 179, 181, 182, 183, 184, 185, 191, 192, 193, 194, 195, 196, 197, 198, 200], "excluded_lines": []}, "": {"executed_lines": [3, 16, 17, 19, 23, 37, 38, 40, 42, 46, 47, 52, 54, 55, 56, 57, 59, 85], "summary": {"covered_lines": 16, "num_statements": 16, "percent_covered": 100.0, "percent_covered_display": "100", "missing_lines": 0, "excluded_lines": 0}, "missing_lines": [], "excluded_lines": []}}, "classes": {"NodeData": {"executed_lines": [], "summary": {"covered_lines": 0, "num_statements": 2, "percent_covered": 0.0, "percent_covered_display": "0", "missing_lines": 2, "excluded_lines": 0}, "missing_lines": [43, 44], "excluded_lines": []}, "FixNetworkCycles": {"executed_lines": [61, 66, 73, 80], "summary": {"covered_lines": 4, "num_statements": 123, "percent_covered": 3.252032520325203, "percent_covered_display": "3", "missing_lines": 119, "excluded_lines": 0}, "missing_lines": [87, 89, 90, 91, 93, 94, 97, 98, 99, 101, 103, 104, 106, 107, 109, 111, 112, 113, 115, 117, 118, 120, 121, 122, 124, 129, 130, 131, 133, 135, 136, 138, 139, 140, 142, 144, 146, 147, 149, 150, 152, 154, 156, 162, 163, 164, 165, 167, 168, 169, 170, 171, 172, 173, 174, 176, 178, 179, 181, 182, 183, 184, 185, 191, 192, 193, 194, 195, 196, 197, 198, 200, 214, 216, 218, 219, 221, 223, 224, 226, 228, 230, 231, 233, 234, 236, 238, 239, 241, 247, 249, 251, 252, 254, 255, 256, 258, 260, 261, 263, 264, 265, 268, 272, 273, 274, 275, 276, 277, 280, 281, 283, 287, 288, 289, 292, 294, 296, 298], "excluded_lines": []}, "": {"executed_lines": [3, 16, 17, 19, 23, 37, 38, 40, 42, 46, 47, 52, 54, 55, 56, 57, 59, 85], "summary": {"covered_lines": 16, "num_statements": 16, "percent_covered": 100.0, "percent_covered_display": "100", "missing_lines": 0, "excluded_lines": 0}, "missing_lines": [], "excluded_lines": []}}}, "fct/algorithms/hydrography/HackOrder.py": {"executed_lines": [3, 16, 17, 21, 23, 27, 40, 41, 43, 47, 48, 50, 56, 59, 62, 66, 67, 71, 73, 74, 75, 76, 77, 78, 80, 82, 87, 94, 101, 108, 113, 118], "summary": {"covered_lines": 30, "num_statements": 110, "percent_covered": 27.272727272727273, "percent_covered_display": "27", "missing_lines": 80, "excluded_lines": 0}, "missing_lines": [44, 45, 51, 54, 57, 60, 63, 120, 121, 122, 123, 124, 128, 130, 132, 133, 134, 136, 138, 142, 146, 150, 152, 154, 155, 157, 158, 159, 161, 162, 163, 165, 172, 173, 180, 182, 188, 192, 193, 194, 195, 196, 198, 203, 205, 206, 207, 209, 211, 215, 217, 218, 220, 221, 222, 223, 224, 225, 230, 232, 234, 236, 238, 240, 242, 244, 245, 247, 251, 252, 254, 256, 258, 259, 260, 265, 266, 268, 269, 271], "excluded_lines": [], "functions": {"index_by": {"executed_lines": [], "summary": {"covered_lines": 0, "num_statements": 2, "percent_covered": 0.0, "percent_covered_display": "0", "missing_lines": 2, "excluded_lines": 0}, "missing_lines": [44, 45], "excluded_lines": []}, "SourceEntry.__init__": {"executed_lines": [], "summary": {"covered_lines": 0, "num_statements": 2, "percent_covered": 0.0, "percent_covered_display": "0", "missing_lines": 2, "excluded_lines": 0}, "missing_lines": [51, 54], "excluded_lines": []}, "SourceEntry.__hash__": {"executed_lines": [], "summary": {"covered_lines": 0, "num_statements": 1, "percent_covered": 0.0, "percent_covered_display": "0", "missing_lines": 1, "excluded_lines": 0}, "missing_lines": [57], "excluded_lines": []}, "SourceEntry.__lt__": {"executed_lines": [], "summary": {"covered_lines": 0, "num_statements": 1, "percent_covered": 0.0, "percent_covered_display": "0", "missing_lines": 1, "excluded_lines": 0}, "missing_lines": [60], "excluded_lines": []}, "SourceEntry.__eq__": {"executed_lines": [], "summary": {"covered_lines": 0, "num_statements": 1, "percent_covered": 0.0, "percent_covered_display": "0", "missing_lines": 1, "excluded_lines": 0}, "missing_lines": [63], "excluded_lines": []}, "HackOrder.initAlgorithm": {"executed_lines": [82, 87, 94, 101, 108, 113], "summary": {"covered_lines": 6, "num_statements": 6, "percent_covered": 100.0, "percent_covered_display": "100", "missing_lines": 0, "excluded_lines": 0}, "missing_lines": [], "excluded_lines": []}, "HackOrder.processAlgorithm": {"executed_lines": [], "summary": {"covered_lines": 0, "num_statements": 66, "percent_covered": 0.0, "percent_covered_display": "0", "missing_lines": 66, "excluded_lines": 0}, "missing_lines": [120, 121, 122, 123, 124, 128, 130, 132, 133, 134, 136, 138, 146, 150, 152, 154, 155, 157, 158, 159, 161, 162, 163, 165, 172, 173, 180, 182, 188, 192, 193, 194, 195, 196, 198, 215, 217, 218, 220, 221, 222, 223, 224, 225, 230, 232, 234, 236, 238, 240, 242, 244, 245, 247, 251, 252, 254, 256, 258, 259, 260, 265, 266, 268, 269, 271], "excluded_lines": []}, "HackOrder.processAlgorithm.measure": {"executed_lines": [], "summary": {"covered_lines": 0, "num_statements": 1, "percent_covered": 0.0, "percent_covered_display": "0", "missing_lines": 1, "excluded_lines": 0}, "missing_lines": [142], "excluded_lines": []}, "HackOrder.processAlgorithm.node_rank": {"executed_lines": [], "summary": {"covered_lines": 0, "num_statements": 6, "percent_covered": 0.0, "percent_covered_display": "0", "missing_lines": 6, "excluded_lines": 0}, "missing_lines": [203, 205, 206, 207, 209, 211], "excluded_lines": []}, "": {"executed_lines": [3, 16, 17, 21, 23, 27, 40, 41, 43, 47, 48, 50, 56, 59, 62, 66, 67, 71, 73, 74, 75, 76, 77, 78, 80, 118], "summary": {"covered_lines": 24, "num_statements": 24, "percent_covered": 100.0, "percent_covered_display": "100", "missing_lines": 0, "excluded_lines": 0}, "missing_lines": [], "excluded_lines": []}}, "classes": {"SourceEntry": {"executed_lines": [], "summary": {"covered_lines": 0, "num_statements": 5, "percent_covered": 0.0, "percent_covered_display": "0", "missing_lines": 5, "excluded_lines": 0}, "missing_lines": [51, 54, 57, 60, 63], "excluded_lines": []}, "HackOrder": {"executed_lines": [82, 87, 94, 101, 108, 113], "summary": {"covered_lines": 6, "num_statements": 79, "percent_covered": 7.594936708860759, "percent_covered_display": "8", "missing_lines": 73, "excluded_lines": 0}, "missing_lines": [120, 121, 122, 123, 124, 128, 130, 132, 133, 134, 136, 138, 142, 146, 150, 152, 154, 155, 157, 158, 159, 161, 162, 163, 165, 172, 173, 180, 182, 188, 192, 193, 194, 195, 196, 198, 203, 205, 206, 207, 209, 211, 215, 217, 218, 220, 221, 222, 223, 224, 225, 230, 232, 234, 236, 238, 240, 242, 244, 245, 247, 251, 252, 254, 256, 258, 259, 260, 265, 266, 268, 269, 271], "excluded_lines": []}, "": {"executed_lines": [3, 16, 17, 21, 23, 27, 40, 41, 43, 47, 48, 50, 56, 59, 62, 66, 67, 71, 73, 74, 75, 76, 77, 78, 80, 118], "summary": {"covered_lines": 24, "num_statements": 26, "percent_covered": 92.3076923076923, "percent_covered_display": "92", "missing_lines": 2, "excluded_lines": 0}, "missing_lines": [44, 45], "excluded_lines": []}}}, "fct/algorithms/hydrography/IdentifyNetworkNodes.py": {"executed_lines": [3, 16, 18, 20, 36, 38, 43, 45, 47, 48, 52, 53, 55, 57, 58, 61, 63, 64, 65, 66, 68, 70, 75, 81, 86, 91, 93, 94, 96, 97, 101, 103, 104, 106, 107, 111, 112, 113, 114, 116, 118, 121, 122, 125, 127, 128, 129, 130, 131, 133, 134, 135, 136, 138, 141, 143, 144, 146, 154, 156, 157, 159, 161, 163, 166, 168, 170, 173, 174, 175, 176, 177, 179, 180, 182, 184, 186, 187, 190, 192, 193, 194, 196, 204, 208, 209, 213, 214, 220, 221, 222, 224, 225, 226, 231, 233, 235, 237, 240, 242, 244, 245, 246, 248, 249, 250, 255, 258, 260, 262], "summary": {"covered_lines": 108, "num_statements": 113, "percent_covered": 95.57522123893806, "percent_covered_display": "96", "missing_lines": 5, "excluded_lines": 0}, "missing_lines": [98, 119, 164, 211, 238], "excluded_lines": [], "functions": {"simple_linestring_op": {"executed_lines": [43, 55], "summary": {"covered_lines": 2, "num_statements": 2, "percent_covered": 100.0, "percent_covered_display": "100", "missing_lines": 0, "excluded_lines": 0}, "missing_lines": [], "excluded_lines": []}, "simple_linestring_op.wrapper": {"executed_lines": [45, 47, 48, 52, 53], "summary": {"covered_lines": 5, "num_statements": 5, "percent_covered": 100.0, "percent_covered_display": "100", "missing_lines": 0, "excluded_lines": 0}, "missing_lines": [], "excluded_lines": []}, "IdentifyNetworkNodes.initAlgorithm": {"executed_lines": [70, 75, 81, 86], "summary": {"covered_lines": 4, "num_statements": 4, "percent_covered": 100.0, "percent_covered_display": "100", "missing_lines": 0, "excluded_lines": 0}, "missing_lines": [], "excluded_lines": []}, "IdentifyNetworkNodes.processAlgorithm": {"executed_lines": [93, 94, 96, 97, 101, 103, 104, 106, 107, 116, 118, 121, 122, 125, 127, 128, 129, 130, 131, 133, 134, 135, 136, 138, 141, 143, 144, 146, 154, 156, 157, 159, 161, 163, 166, 168, 170, 173, 174, 175, 176, 177, 179, 180, 182, 184, 186, 187, 190, 192, 193, 194, 196, 204, 213, 214, 233, 235, 237, 240, 242, 244, 245, 246, 248, 249, 250, 255, 258, 260, 262], "summary": {"covered_lines": 71, "num_statements": 75, "percent_covered": 94.66666666666667, "percent_covered_display": "95", "missing_lines": 4, "excluded_lines": 0}, "missing_lines": [98, 119, 164, 238], "excluded_lines": []}, "IdentifyNetworkNodes.processAlgorithm.extract_coordinates": {"executed_lines": [111, 112, 113, 114], "summary": {"covered_lines": 4, "num_statements": 4, "percent_covered": 100.0, "percent_covered_display": "100", "missing_lines": 0, "excluded_lines": 0}, "missing_lines": [], "excluded_lines": []}, "IdentifyNetworkNodes.processAlgorithm.nearest": {"executed_lines": [208, 209], "summary": {"covered_lines": 2, "num_statements": 3, "percent_covered": 66.66666666666667, "percent_covered_display": "67", "missing_lines": 1, "excluded_lines": 0}, "missing_lines": [211], "excluded_lines": []}, "IdentifyNetworkNodes.processAlgorithm.output_simple_features": {"executed_lines": [220, 221, 222, 224, 225, 226, 231], "summary": {"covered_lines": 7, "num_statements": 7, "percent_covered": 100.0, "percent_covered_display": "100", "missing_lines": 0, "excluded_lines": 0}, "missing_lines": [], "excluded_lines": []}, "": {"executed_lines": [3, 16, 18, 20, 36, 38, 57, 58, 61, 63, 64, 65, 66, 68, 91], "summary": {"covered_lines": 13, "num_statements": 13, "percent_covered": 100.0, "percent_covered_display": "100", "missing_lines": 0, "excluded_lines": 0}, "missing_lines": [], "excluded_lines": []}}, "classes": {"IdentifyNetworkNodes": {"executed_lines": [70, 75, 81, 86, 93, 94, 96, 97, 101, 103, 104, 106, 107, 111, 112, 113, 114, 116, 118, 121, 122, 125, 127, 128, 129, 130, 131, 133, 134, 135, 136, 138, 141, 143, 144, 146, 154, 156, 157, 159, 161, 163, 166, 168, 170, 173, 174, 175, 176, 177, 179, 180, 182, 184, 186, 187, 190, 192, 193, 194, 196, 204, 208, 209, 213, 214, 220, 221, 222, 224, 225, 226, 231, 233, 235, 237, 240, 242, 244, 245, 246, 248, 249, 250, 255, 258, 260, 262], "summary": {"covered_lines": 88, "num_statements": 93, "percent_covered": 94.6236559139785, "percent_covered_display": "95", "missing_lines": 5, "excluded_lines": 0}, "missing_lines": [98, 119, 164, 211, 238], "excluded_lines": []}, "": {"executed_lines": [3, 16, 18, 20, 36, 38, 43, 45, 47, 48, 52, 53, 55, 57, 58, 61, 63, 64, 65, 66, 68, 91], "summary": {"covered_lines": 20, "num_statements": 20, "percent_covered": 100.0, "percent_covered_display": "100", "missing_lines": 0, "excluded_lines": 0}, "missing_lines": [], "excluded_lines": []}}}, "fct/algorithms/hydrography/LongestPathInDirectedGraph.py": {"executed_lines": [3, 16, 18, 28, 29, 31, 33, 34, 37, 39, 40, 41, 42, 43, 45, 47, 52, 59, 66, 71, 76], "summary": {"covered_lines": 19, "num_statements": 96, "percent_covered": 19.791666666666668, "percent_covered_display": "20", "missing_lines": 77, "excluded_lines": 0}, "missing_lines": [78, 79, 80, 81, 83, 93, 95, 96, 97, 99, 101, 102, 103, 105, 107, 110, 112, 114, 116, 120, 122, 123, 124, 125, 126, 128, 129, 130, 132, 134, 135, 137, 138, 139, 141, 143, 144, 145, 146, 150, 152, 154, 156, 157, 160, 161, 162, 165, 167, 168, 172, 173, 175, 176, 178, 180, 181, 182, 184, 186, 187, 188, 190, 192, 194, 195, 196, 198, 199, 203, 205, 206, 207, 208, 210, 212, 216], "excluded_lines": [], "functions": {"LongestPathInDirectedGraph.initAlgorithm": {"executed_lines": [47, 52, 59, 66, 71], "summary": {"covered_lines": 5, "num_statements": 5, "percent_covered": 100.0, "percent_covered_display": "100", "missing_lines": 0, "excluded_lines": 0}, "missing_lines": [], "excluded_lines": []}, "LongestPathInDirectedGraph.processAlgorithm": {"executed_lines": [], "summary": {"covered_lines": 0, "num_statements": 76, "percent_covered": 0.0, "percent_covered_display": "0", "missing_lines": 76, "excluded_lines": 0}, "missing_lines": [78, 79, 80, 81, 83, 93, 95, 96, 97, 99, 101, 102, 103, 105, 107, 110, 112, 116, 120, 122, 123, 124, 125, 126, 128, 129, 130, 132, 134, 135, 137, 138, 139, 141, 143, 144, 145, 146, 150, 152, 154, 156, 157, 160, 161, 162, 165, 167, 168, 172, 173, 175, 176, 178, 180, 181, 182, 184, 186, 187, 188, 190, 192, 194, 195, 196, 198, 199, 203, 205, 206, 207, 208, 210, 212, 216], "excluded_lines": []}, "LongestPathInDirectedGraph.processAlgorithm.key": {"executed_lines": [], "summary": {"covered_lines": 0, "num_statements": 1, "percent_covered": 0.0, "percent_covered_display": "0", "missing_lines": 1, "excluded_lines": 0}, "missing_lines": [114], "excluded_lines": []}, "": {"executed_lines": [3, 16, 18, 28, 29, 31, 33, 34, 37, 39, 40, 41, 42, 43, 45, 76], "summary": {"covered_lines": 14, "num_statements": 14, "percent_covered": 100.0, "percent_covered_display": "100", "missing_lines": 0, "excluded_lines": 0}, "missing_lines": [], "excluded_lines": []}}, "classes": {"LongestPathInDirectedGraph": {"executed_lines": [47, 52, 59, 66, 71], "summary": {"covered_lines": 5, "num_statements": 82, "percent_covered": 6.097560975609756, "percent_covered_display": "6", "missing_lines": 77, "excluded_lines": 0}, "missing_lines": [78, 79, 80, 81, 83, 93, 95, 96, 97, 99, 101, 102, 103, 105, 107, 110, 112, 114, 116, 120, 122, 123, 124, 125, 126, 128, 129, 130, 132, 134, 135, 137, 138, 139, 141, 143, 144, 145, 146, 150, 152, 154, 156, 157, 160, 161, 162, 165, 167, 168, 172, 173, 175, 176, 178, 180, 181, 182, 184, 186, 187, 188, 190, 192, 194, 195, 196, 198, 199, 203, 205, 206, 207, 208, 210, 212, 216], "excluded_lines": []}, "": {"executed_lines": [3, 16, 18, 28, 29, 31, 33, 34, 37, 39, 40, 41, 42, 43, 45, 76], "summary": {"covered_lines": 14, "num_statements": 14, "percent_covered": 100.0, "percent_covered_display": "100", "missing_lines": 0, "excluded_lines": 0}, "missing_lines": [], "excluded_lines": []}}}, "fct/algorithms/hydrography/MergeShortLinks.py": {"executed_lines": [3, 16, 18, 22, 38, 39, 41, 43, 55, 56, 61, 63, 64, 65, 66, 67, 68, 69, 70, 72, 74, 79, 86, 93, 100, 106, 111, 116, 121], "summary": {"covered_lines": 27, "num_statements": 138, "percent_covered": 19.565217391304348, "percent_covered_display": "20", "missing_lines": 111, "excluded_lines": 0}, "missing_lines": [47, 49, 50, 51, 53, 123, 124, 125, 126, 127, 128, 130, 134, 142, 158, 160, 161, 162, 163, 165, 167, 168, 170, 171, 172, 173, 174, 175, 177, 179, 181, 184, 187, 189, 191, 193, 194, 195, 196, 197, 198, 200, 205, 207, 208, 210, 212, 214, 221, 222, 224, 225, 227, 228, 230, 231, 233, 234, 235, 236, 237, 239, 241, 242, 243, 245, 250, 252, 253, 257, 259, 261, 263, 265, 266, 267, 269, 270, 271, 273, 275, 279, 281, 282, 284, 286, 288, 294, 296, 298, 300, 301, 302, 304, 305, 307, 309, 310, 311, 312, 316, 321, 322, 323, 330, 332, 333, 334, 336, 338, 340], "excluded_lines": [], "functions": {"create_link_index": {"executed_lines": [], "summary": {"covered_lines": 0, "num_statements": 5, "percent_covered": 0.0, "percent_covered_display": "0", "missing_lines": 5, "excluded_lines": 0}, "missing_lines": [47, 49, 50, 51, 53], "excluded_lines": []}, "MergeShortLinks.initAlgorithm": {"executed_lines": [74, 79, 86, 93, 100, 106, 111, 116], "summary": {"covered_lines": 8, "num_statements": 8, "percent_covered": 100.0, "percent_covered_display": "100", "missing_lines": 0, "excluded_lines": 0}, "missing_lines": [], "excluded_lines": []}, "MergeShortLinks.processAlgorithm": {"executed_lines": [], "summary": {"covered_lines": 0, "num_statements": 105, "percent_covered": 0.0, "percent_covered_display": "0", "missing_lines": 105, "excluded_lines": 0}, "missing_lines": [123, 124, 125, 126, 127, 128, 130, 134, 142, 158, 160, 161, 162, 163, 165, 167, 168, 170, 171, 172, 173, 174, 175, 177, 179, 184, 187, 189, 191, 193, 194, 195, 196, 197, 198, 200, 205, 207, 208, 210, 212, 214, 221, 222, 224, 225, 227, 228, 230, 231, 233, 234, 235, 236, 237, 239, 241, 242, 243, 245, 250, 252, 253, 257, 259, 261, 263, 265, 266, 267, 269, 270, 271, 273, 275, 279, 281, 282, 284, 286, 288, 294, 296, 298, 300, 301, 302, 304, 305, 307, 309, 310, 311, 312, 316, 321, 322, 323, 330, 332, 333, 334, 336, 338, 340], "excluded_lines": []}, "MergeShortLinks.processAlgorithm.key": {"executed_lines": [], "summary": {"covered_lines": 0, "num_statements": 1, "percent_covered": 0.0, "percent_covered_display": "0", "missing_lines": 1, "excluded_lines": 0}, "missing_lines": [181], "excluded_lines": []}, "": {"executed_lines": [3, 16, 18, 22, 38, 39, 41, 43, 55, 56, 61, 63, 64, 65, 66, 67, 68, 69, 70, 72, 121], "summary": {"covered_lines": 19, "num_statements": 19, "percent_covered": 100.0, "percent_covered_display": "100", "missing_lines": 0, "excluded_lines": 0}, "missing_lines": [], "excluded_lines": []}}, "classes": {"MergeShortLinks": {"executed_lines": [74, 79, 86, 93, 100, 106, 111, 116], "summary": {"covered_lines": 8, "num_statements": 114, "percent_covered": 7.017543859649122, "percent_covered_display": "7", "missing_lines": 106, "excluded_lines": 0}, "missing_lines": [123, 124, 125, 126, 127, 128, 130, 134, 142, 158, 160, 161, 162, 163, 165, 167, 168, 170, 171, 172, 173, 174, 175, 177, 179, 181, 184, 187, 189, 191, 193, 194, 195, 196, 197, 198, 200, 205, 207, 208, 210, 212, 214, 221, 222, 224, 225, 227, 228, 230, 231, 233, 234, 235, 236, 237, 239, 241, 242, 243, 245, 250, 252, 253, 257, 259, 261, 263, 265, 266, 267, 269, 270, 271, 273, 275, 279, 281, 282, 284, 286, 288, 294, 296, 298, 300, 301, 302, 304, 305, 307, 309, 310, 311, 312, 316, 321, 322, 323, 330, 332, 333, 334, 336, 338, 340], "excluded_lines": []}, "": {"executed_lines": [3, 16, 18, 22, 38, 39, 41, 43, 55, 56, 61, 63, 64, 65, 66, 67, 68, 69, 70, 72, 121], "summary": {"covered_lines": 19, "num_statements": 24, "percent_covered": 79.16666666666667, "percent_covered_display": "79", "missing_lines": 5, "excluded_lines": 0}, "missing_lines": [47, 49, 50, 51, 53], "excluded_lines": []}}}, "fct/algorithms/hydrography/NetworkNodes.py": {"executed_lines": [3, 16, 20, 34, 35, 37, 44, 72, 73, 76, 78, 79, 80, 81, 82, 83, 85, 87, 92, 99, 106, 114, 127, 132], "summary": {"covered_lines": 22, "num_statements": 98, "percent_covered": 22.448979591836736, "percent_covered_display": "22", "missing_lines": 76, "excluded_lines": 0}, "missing_lines": [39, 40, 42, 48, 49, 50, 51, 52, 54, 55, 56, 57, 58, 59, 61, 63, 64, 65, 66, 68, 70, 134, 135, 136, 137, 138, 140, 149, 151, 159, 167, 168, 170, 172, 174, 175, 177, 178, 180, 182, 183, 185, 186, 187, 189, 190, 191, 192, 194, 195, 196, 198, 200, 202, 203, 204, 205, 206, 208, 210, 212, 214, 216, 217, 218, 220, 221, 223, 224, 225, 227, 228, 229, 230, 238, 240], "excluded_lines": [], "functions": {"asPolyline": {"executed_lines": [], "summary": {"covered_lines": 0, "num_statements": 3, "percent_covered": 0.0, "percent_covered_display": "0", "missing_lines": 3, "excluded_lines": 0}, "missing_lines": [39, 40, 42], "excluded_lines": []}, "node_type": {"executed_lines": [], "summary": {"covered_lines": 0, "num_statements": 18, "percent_covered": 0.0, "percent_covered_display": "0", "missing_lines": 18, "excluded_lines": 0}, "missing_lines": [48, 49, 50, 51, 52, 54, 55, 56, 57, 58, 59, 61, 63, 64, 65, 66, 68, 70], "excluded_lines": []}, "NetworkNodes.initAlgorithm": {"executed_lines": [87, 92, 99, 106, 114, 127], "summary": {"covered_lines": 6, "num_statements": 6, "percent_covered": 100.0, "percent_covered_display": "100", "missing_lines": 0, "excluded_lines": 0}, "missing_lines": [], "excluded_lines": []}, "NetworkNodes.processAlgorithm": {"executed_lines": [], "summary": {"covered_lines": 0, "num_statements": 55, "percent_covered": 0.0, "percent_covered_display": "0", "missing_lines": 55, "excluded_lines": 0}, "missing_lines": [134, 135, 136, 137, 138, 140, 149, 151, 159, 167, 168, 170, 172, 174, 175, 177, 178, 180, 182, 183, 185, 186, 187, 189, 190, 191, 192, 194, 195, 196, 198, 200, 202, 203, 204, 205, 206, 208, 210, 212, 214, 216, 217, 218, 220, 221, 223, 224, 225, 227, 228, 229, 230, 238, 240], "excluded_lines": []}, "": {"executed_lines": [3, 16, 20, 34, 35, 37, 44, 72, 73, 76, 78, 79, 80, 81, 82, 83, 85, 132], "summary": {"covered_lines": 16, "num_statements": 16, "percent_covered": 100.0, "percent_covered_display": "100", "missing_lines": 0, "excluded_lines": 0}, "missing_lines": [], "excluded_lines": []}}, "classes": {"NetworkNodes": {"executed_lines": [87, 92, 99, 106, 114, 127], "summary": {"covered_lines": 6, "num_statements": 61, "percent_covered": 9.836065573770492, "percent_covered_display": "10", "missing_lines": 55, "excluded_lines": 0}, "missing_lines": [134, 135, 136, 137, 138, 140, 149, 151, 159, 167, 168, 170, 172, 174, 175, 177, 178, 180, 182, 183, 185, 186, 187, 189, 190, 191, 192, 194, 195, 196, 198, 200, 202, 203, 204, 205, 206, 208, 210, 212, 214, 216, 217, 218, 220, 221, 223, 224, 225, 227, 228, 229, 230, 238, 240], "excluded_lines": []}, "": {"executed_lines": [3, 16, 20, 34, 35, 37, 44, 72, 73, 76, 78, 79, 80, 81, 82, 83, 85, 132], "summary": {"covered_lines": 16, "num_statements": 37, "percent_covered": 43.24324324324324, "percent_covered_display": "43", "missing_lines": 21, "excluded_lines": 0}, "missing_lines": [39, 40, 42, 48, 49, 50, 51, 52, 54, 55, 56, 57, 58, 59, 61, 63, 64, 65, 66, 68, 70], "excluded_lines": []}}}, "fct/algorithms/hydrography/PrincipalStem.py": {"executed_lines": [3, 16, 18, 28, 30, 31, 36, 38, 39, 40, 41, 42, 44, 46, 51, 58, 65, 72, 78], "summary": {"covered_lines": 17, "num_statements": 78, "percent_covered": 21.794871794871796, "percent_covered_display": "22", "missing_lines": 61, "excluded_lines": 0}, "missing_lines": [80, 81, 82, 83, 85, 91, 94, 95, 96, 98, 104, 105, 106, 108, 109, 111, 113, 116, 117, 118, 119, 121, 123, 124, 126, 128, 129, 131, 133, 135, 137, 139, 140, 141, 145, 147, 148, 150, 152, 154, 155, 157, 159, 160, 162, 164, 166, 167, 169, 171, 174, 176, 177, 179, 181, 183, 184, 186, 188, 189, 191], "excluded_lines": [], "functions": {"PrincipalStem.initAlgorithm": {"executed_lines": [46, 51, 58, 65, 72], "summary": {"covered_lines": 5, "num_statements": 5, "percent_covered": 100.0, "percent_covered_display": "100", "missing_lines": 0, "excluded_lines": 0}, "missing_lines": [], "excluded_lines": []}, "PrincipalStem.processAlgorithm": {"executed_lines": [], "summary": {"covered_lines": 0, "num_statements": 61, "percent_covered": 0.0, "percent_covered_display": "0", "missing_lines": 61, "excluded_lines": 0}, "missing_lines": [80, 81, 82, 83, 85, 91, 94, 95, 96, 98, 104, 105, 106, 108, 109, 111, 113, 116, 117, 118, 119, 121, 123, 124, 126, 128, 129, 131, 133, 135, 137, 139, 140, 141, 145, 147, 148, 150, 152, 154, 155, 157, 159, 160, 162, 164, 166, 167, 169, 171, 174, 176, 177, 179, 181, 183, 184, 186, 188, 189, 191], "excluded_lines": []}, "": {"executed_lines": [3, 16, 18, 28, 30, 31, 36, 38, 39, 40, 41, 42, 44, 78], "summary": {"covered_lines": 12, "num_statements": 12, "percent_covered": 100.0, "percent_covered_display": "100", "missing_lines": 0, "excluded_lines": 0}, "missing_lines": [], "excluded_lines": []}}, "classes": {"PrincipalStem": {"executed_lines": [46, 51, 58, 65, 72], "summary": {"covered_lines": 5, "num_statements": 66, "percent_covered": 7.575757575757576, "percent_covered_display": "8", "missing_lines": 61, "excluded_lines": 0}, "missing_lines": [80, 81, 82, 83, 85, 91, 94, 95, 96, 98, 104, 105, 106, 108, 109, 111, 113, 116, 117, 118, 119, 121, 123, 124, 126, 128, 129, 131, 133, 135, 137, 139, 140, 141, 145, 147, 148, 150, 152, 154, 155, 157, 159, 160, 162, 164, 166, 167, 169, 171, 174, 176, 177, 179, 181, 183, 184, 186, 188, 189, 191], "excluded_lines": []}, "": {"executed_lines": [3, 16, 18, 28, 30, 31, 36, 38, 39, 40, 41, 42, 44, 78], "summary": {"covered_lines": 12, "num_statements": 12, "percent_covered": 100.0, "percent_covered_display": "100", "missing_lines": 0, "excluded_lines": 0}, "missing_lines": [], "excluded_lines": []}}}, "fct/algorithms/hydrography/RasterizeStreamNetwork.py": {"executed_lines": [3, 16, 18, 22, 24, 25, 32, 34, 35, 36], "summary": {"covered_lines": 8, "num_statements": 8, "percent_covered": 100.0, "percent_covered_display": "100", "missing_lines": 0, "excluded_lines": 0}, "missing_lines": [], "excluded_lines": [], "functions": {"RasterizeStreamNetwork.__init__": {"executed_lines": [34, 35, 36], "summary": {"covered_lines": 3, "num_statements": 3, "percent_covered": 100.0, "percent_covered_display": "100", "missing_lines": 0, "excluded_lines": 0}, "missing_lines": [], "excluded_lines": []}, "": {"executed_lines": [3, 16, 18, 22, 24, 25, 32], "summary": {"covered_lines": 5, "num_statements": 5, "percent_covered": 100.0, "percent_covered_display": "100", "missing_lines": 0, "excluded_lines": 0}, "missing_lines": [], "excluded_lines": []}}, "classes": {"RasterizeStreamNetwork": {"executed_lines": [34, 35, 36], "summary": {"covered_lines": 3, "num_statements": 3, "percent_covered": 100.0, "percent_covered_display": "100", "missing_lines": 0, "excluded_lines": 0}, "missing_lines": [], "excluded_lines": []}, "": {"executed_lines": [3, 16, 18, 22, 24, 25, 32], "summary": {"covered_lines": 5, "num_statements": 5, "percent_covered": 100.0, "percent_covered_display": "100", "missing_lines": 0, "excluded_lines": 0}, "missing_lines": [], "excluded_lines": []}}}, "fct/algorithms/hydrography/ReverseFlowDirection.py": {"executed_lines": [3, 16, 18, 28, 30, 32, 33, 36, 38, 39, 40, 41, 43, 50, 57, 69, 70, 72, 73, 75, 78, 81, 89], "summary": {"covered_lines": 21, "num_statements": 36, "percent_covered": 58.333333333333336, "percent_covered_display": "58", "missing_lines": 15, "excluded_lines": 0}, "missing_lines": [76, 79, 83, 84, 85, 87, 91, 92, 94, 95, 96, 98, 99, 100, 102], "excluded_lines": [], "functions": {"ReverseFlowDirection.initParameters": {"executed_lines": [50, 57], "summary": {"covered_lines": 2, "num_statements": 2, "percent_covered": 100.0, "percent_covered_display": "100", "missing_lines": 0, "excluded_lines": 0}, "missing_lines": [], "excluded_lines": []}, "ReverseFlowDirection.inputLayerTypes": {"executed_lines": [70], "summary": {"covered_lines": 1, "num_statements": 1, "percent_covered": 100.0, "percent_covered_display": "100", "missing_lines": 0, "excluded_lines": 0}, "missing_lines": [], "excluded_lines": []}, "ReverseFlowDirection.outputName": {"executed_lines": [73], "summary": {"covered_lines": 1, "num_statements": 1, "percent_covered": 100.0, "percent_covered_display": "100", "missing_lines": 0, "excluded_lines": 0}, "missing_lines": [], "excluded_lines": []}, "ReverseFlowDirection.outputWkbType": {"executed_lines": [], "summary": {"covered_lines": 0, "num_statements": 1, "percent_covered": 0.0, "percent_covered_display": "0", "missing_lines": 1, "excluded_lines": 0}, "missing_lines": [76], "excluded_lines": []}, "ReverseFlowDirection.supportInPlaceEdit": {"executed_lines": [], "summary": {"covered_lines": 0, "num_statements": 1, "percent_covered": 0.0, "percent_covered_display": "0", "missing_lines": 1, "excluded_lines": 0}, "missing_lines": [79], "excluded_lines": []}, "ReverseFlowDirection.prepareAlgorithm": {"executed_lines": [], "summary": {"covered_lines": 0, "num_statements": 4, "percent_covered": 0.0, "percent_covered_display": "0", "missing_lines": 4, "excluded_lines": 0}, "missing_lines": [83, 84, 85, 87], "excluded_lines": []}, "ReverseFlowDirection.processFeature": {"executed_lines": [], "summary": {"covered_lines": 0, "num_statements": 9, "percent_covered": 0.0, "percent_covered_display": "0", "missing_lines": 9, "excluded_lines": 0}, "missing_lines": [91, 92, 94, 95, 96, 98, 99, 100, 102], "excluded_lines": []}, "": {"executed_lines": [3, 16, 18, 28, 30, 32, 33, 36, 38, 39, 40, 41, 43, 69, 72, 75, 78, 81, 89], "summary": {"covered_lines": 17, "num_statements": 17, "percent_covered": 100.0, "percent_covered_display": "100", "missing_lines": 0, "excluded_lines": 0}, "missing_lines": [], "excluded_lines": []}}, "classes": {"ReverseFlowDirection": {"executed_lines": [50, 57, 70, 73], "summary": {"covered_lines": 4, "num_statements": 19, "percent_covered": 21.05263157894737, "percent_covered_display": "21", "missing_lines": 15, "excluded_lines": 0}, "missing_lines": [76, 79, 83, 84, 85, 87, 91, 92, 94, 95, 96, 98, 99, 100, 102], "excluded_lines": []}, "": {"executed_lines": [3, 16, 18, 28, 30, 32, 33, 36, 38, 39, 40, 41, 43, 69, 72, 75, 78, 81, 89], "summary": {"covered_lines": 17, "num_statements": 17, "percent_covered": 100.0, "percent_covered_display": "100", "missing_lines": 0, "excluded_lines": 0}, "missing_lines": [], "excluded_lines": []}}}, "fct/algorithms/hydrography/SelectConnectedBasins.py": {"executed_lines": [3, 16, 18, 30, 32, 33, 36, 38, 40, 41, 42, 44, 46, 51, 58, 65, 76], "summary": {"covered_lines": 15, "num_statements": 78, "percent_covered": 19.23076923076923, "percent_covered_display": "19", "missing_lines": 63, "excluded_lines": 0}, "missing_lines": [78, 79, 80, 81, 83, 84, 85, 86, 88, 90, 92, 94, 95, 97, 98, 100, 102, 104, 105, 107, 109, 111, 112, 114, 116, 117, 119, 121, 123, 124, 125, 127, 128, 129, 131, 132, 134, 136, 137, 139, 141, 142, 144, 146, 148, 149, 151, 152, 154, 155, 156, 158, 159, 161, 163, 164, 165, 166, 167, 168, 169, 171, 173], "excluded_lines": [], "functions": {"SelectConnectedBasins.initAlgorithm": {"executed_lines": [46, 51, 58, 65], "summary": {"covered_lines": 4, "num_statements": 4, "percent_covered": 100.0, "percent_covered_display": "100", "missing_lines": 0, "excluded_lines": 0}, "missing_lines": [], "excluded_lines": []}, "SelectConnectedBasins.processAlgorithm": {"executed_lines": [], "summary": {"covered_lines": 0, "num_statements": 31, "percent_covered": 0.0, "percent_covered_display": "0", "missing_lines": 31, "excluded_lines": 0}, "missing_lines": [78, 79, 80, 81, 83, 84, 85, 86, 88, 90, 92, 94, 95, 97, 98, 100, 102, 104, 105, 107, 109, 134, 163, 164, 165, 166, 167, 168, 169, 171, 173], "excluded_lines": []}, "SelectConnectedBasins.processAlgorithm.select_upstream_components": {"executed_lines": [], "summary": {"covered_lines": 0, "num_statements": 15, "percent_covered": 0.0, "percent_covered_display": "0", "missing_lines": 15, "excluded_lines": 0}, "missing_lines": [111, 112, 114, 116, 117, 119, 121, 123, 124, 125, 127, 128, 129, 131, 132], "excluded_lines": []}, "SelectConnectedBasins.processAlgorithm.select_downstream_components": {"executed_lines": [], "summary": {"covered_lines": 0, "num_statements": 17, "percent_covered": 0.0, "percent_covered_display": "0", "missing_lines": 17, "excluded_lines": 0}, "missing_lines": [136, 137, 139, 141, 142, 144, 146, 148, 149, 151, 152, 154, 155, 156, 158, 159, 161], "excluded_lines": []}, "": {"executed_lines": [3, 16, 18, 30, 32, 33, 36, 38, 40, 41, 42, 44, 76], "summary": {"covered_lines": 11, "num_statements": 11, "percent_covered": 100.0, "percent_covered_display": "100", "missing_lines": 0, "excluded_lines": 0}, "missing_lines": [], "excluded_lines": []}}, "classes": {"SelectConnectedBasins": {"executed_lines": [46, 51, 58, 65], "summary": {"covered_lines": 4, "num_statements": 67, "percent_covered": 5.970149253731344, "percent_covered_display": "6", "missing_lines": 63, "excluded_lines": 0}, "missing_lines": [78, 79, 80, 81, 83, 84, 85, 86, 88, 90, 92, 94, 95, 97, 98, 100, 102, 104, 105, 107, 109, 111, 112, 114, 116, 117, 119, 121, 123, 124, 125, 127, 128, 129, 131, 132, 134, 136, 137, 139, 141, 142, 144, 146, 148, 149, 151, 152, 154, 155, 156, 158, 159, 161, 163, 164, 165, 166, 167, 168, 169, 171, 173], "excluded_lines": []}, "": {"executed_lines": [3, 16, 18, 30, 32, 33, 36, 38, 40, 41, 42, 44, 76], "summary": {"covered_lines": 11, "num_statements": 11, "percent_covered": 100.0, "percent_covered_display": "100", "missing_lines": 0, "excluded_lines": 0}, "missing_lines": [], "excluded_lines": []}}}, "fct/algorithms/hydrography/SelectConnectedComponents.py": {"executed_lines": [3, 16, 18, 28, 30, 31, 34, 36, 38, 39, 40, 42, 44, 49, 56, 63, 74], "summary": {"covered_lines": 15, "num_statements": 91, "percent_covered": 16.483516483516482, "percent_covered_display": "16", "missing_lines": 76, "excluded_lines": 0}, "missing_lines": [76, 77, 78, 79, 81, 83, 85, 88, 90, 92, 94, 95, 97, 98, 100, 101, 103, 105, 107, 108, 109, 111, 113, 114, 116, 117, 119, 120, 121, 123, 124, 126, 128, 129, 131, 133, 134, 136, 138, 140, 142, 143, 145, 146, 148, 150, 152, 153, 155, 157, 158, 160, 161, 162, 164, 166, 168, 170, 172, 173, 175, 176, 178, 180, 181, 183, 184, 185, 186, 187, 188, 189, 190, 191, 193, 195], "excluded_lines": [], "functions": {"SelectConnectedComponents.initAlgorithm": {"executed_lines": [44, 49, 56, 63], "summary": {"covered_lines": 4, "num_statements": 4, "percent_covered": 100.0, "percent_covered_display": "100", "missing_lines": 0, "excluded_lines": 0}, "missing_lines": [], "excluded_lines": []}, "SelectConnectedComponents.processAlgorithm": {"executed_lines": [], "summary": {"covered_lines": 0, "num_statements": 18, "percent_covered": 0.0, "percent_covered_display": "0", "missing_lines": 18, "excluded_lines": 0}, "missing_lines": [76, 77, 78, 79, 81, 83, 148, 183, 184, 185, 186, 187, 188, 189, 190, 191, 193, 195], "excluded_lines": []}, "SelectConnectedComponents.processAlgorithm.selectConnectedLinksUndirected": {"executed_lines": [], "summary": {"covered_lines": 0, "num_statements": 38, "percent_covered": 0.0, "percent_covered_display": "0", "missing_lines": 38, "excluded_lines": 0}, "missing_lines": [85, 88, 90, 92, 94, 95, 97, 98, 100, 101, 103, 105, 107, 108, 109, 111, 113, 114, 116, 117, 119, 120, 121, 123, 124, 126, 128, 129, 131, 133, 134, 136, 138, 140, 142, 143, 145, 146], "excluded_lines": []}, "SelectConnectedComponents.processAlgorithm.selectConnectedLinksDirected": {"executed_lines": [], "summary": {"covered_lines": 0, "num_statements": 20, "percent_covered": 0.0, "percent_covered_display": "0", "missing_lines": 20, "excluded_lines": 0}, "missing_lines": [150, 152, 153, 155, 157, 158, 160, 161, 162, 164, 166, 168, 170, 172, 173, 175, 176, 178, 180, 181], "excluded_lines": []}, "": {"executed_lines": [3, 16, 18, 28, 30, 31, 34, 36, 38, 39, 40, 42, 74], "summary": {"covered_lines": 11, "num_statements": 11, "percent_covered": 100.0, "percent_covered_display": "100", "missing_lines": 0, "excluded_lines": 0}, "missing_lines": [], "excluded_lines": []}}, "classes": {"SelectConnectedComponents": {"executed_lines": [44, 49, 56, 63], "summary": {"covered_lines": 4, "num_statements": 80, "percent_covered": 5.0, "percent_covered_display": "5", "missing_lines": 76, "excluded_lines": 0}, "missing_lines": [76, 77, 78, 79, 81, 83, 85, 88, 90, 92, 94, 95, 97, 98, 100, 101, 103, 105, 107, 108, 109, 111, 113, 114, 116, 117, 119, 120, 121, 123, 124, 126, 128, 129, 131, 133, 134, 136, 138, 140, 142, 143, 145, 146, 148, 150, 152, 153, 155, 157, 158, 160, 161, 162, 164, 166, 168, 170, 172, 173, 175, 176, 178, 180, 181, 183, 184, 185, 186, 187, 188, 189, 190, 191, 193, 195], "excluded_lines": []}, "": {"executed_lines": [3, 16, 18, 28, 30, 31, 34, 36, 38, 39, 40, 42, 74], "summary": {"covered_lines": 11, "num_statements": 11, "percent_covered": 100.0, "percent_covered_display": "100", "missing_lines": 0, "excluded_lines": 0}, "missing_lines": [], "excluded_lines": []}}}, "fct/algorithms/hydrography/SelectGraphCycle.py": {"executed_lines": [3, 16, 18, 27, 29, 31, 35, 36, 40, 42, 44, 45, 47, 49, 54, 61, 68], "summary": {"covered_lines": 15, "num_statements": 69, "percent_covered": 21.73913043478261, "percent_covered_display": "22", "missing_lines": 54, "excluded_lines": 0}, "missing_lines": [32, 33, 70, 71, 72, 74, 76, 77, 78, 80, 82, 83, 85, 86, 88, 90, 91, 93, 95, 97, 99, 100, 101, 102, 104, 110, 111, 112, 113, 115, 116, 117, 118, 119, 120, 122, 124, 126, 127, 128, 129, 135, 136, 137, 138, 139, 140, 144, 146, 147, 149, 150, 152, 154], "excluded_lines": [], "functions": {"NodeData.__init__": {"executed_lines": [], "summary": {"covered_lines": 0, "num_statements": 2, "percent_covered": 0.0, "percent_covered_display": "0", "missing_lines": 2, "excluded_lines": 0}, "missing_lines": [32, 33], "excluded_lines": []}, "SelectGraphCycle.initAlgorithm": {"executed_lines": [49, 54, 61], "summary": {"covered_lines": 3, "num_statements": 3, "percent_covered": 100.0, "percent_covered_display": "100", "missing_lines": 0, "excluded_lines": 0}, "missing_lines": [], "excluded_lines": []}, "SelectGraphCycle.processAlgorithm": {"executed_lines": [], "summary": {"covered_lines": 0, "num_statements": 30, "percent_covered": 0.0, "percent_covered_display": "0", "missing_lines": 30, "excluded_lines": 0}, "missing_lines": [70, 71, 72, 74, 76, 77, 78, 80, 82, 83, 85, 86, 88, 90, 91, 93, 95, 97, 99, 100, 101, 102, 104, 144, 146, 147, 149, 150, 152, 154], "excluded_lines": []}, "SelectGraphCycle.processAlgorithm.connect": {"executed_lines": [], "summary": {"covered_lines": 0, "num_statements": 22, "percent_covered": 0.0, "percent_covered_display": "0", "missing_lines": 22, "excluded_lines": 0}, "missing_lines": [110, 111, 112, 113, 115, 116, 117, 118, 119, 120, 122, 124, 126, 127, 128, 129, 135, 136, 137, 138, 139, 140], "excluded_lines": []}, "": {"executed_lines": [3, 16, 18, 27, 29, 31, 35, 36, 40, 42, 44, 45, 47, 68], "summary": {"covered_lines": 12, "num_statements": 12, "percent_covered": 100.0, "percent_covered_display": "100", "missing_lines": 0, "excluded_lines": 0}, "missing_lines": [], "excluded_lines": []}}, "classes": {"NodeData": {"executed_lines": [], "summary": {"covered_lines": 0, "num_statements": 2, "percent_covered": 0.0, "percent_covered_display": "0", "missing_lines": 2, "excluded_lines": 0}, "missing_lines": [32, 33], "excluded_lines": []}, "SelectGraphCycle": {"executed_lines": [49, 54, 61], "summary": {"covered_lines": 3, "num_statements": 55, "percent_covered": 5.454545454545454, "percent_covered_display": "5", "missing_lines": 52, "excluded_lines": 0}, "missing_lines": [70, 71, 72, 74, 76, 77, 78, 80, 82, 83, 85, 86, 88, 90, 91, 93, 95, 97, 99, 100, 101, 102, 104, 110, 111, 112, 113, 115, 116, 117, 118, 119, 120, 122, 124, 126, 127, 128, 129, 135, 136, 137, 138, 139, 140, 144, 146, 147, 149, 150, 152, 154], "excluded_lines": []}, "": {"executed_lines": [3, 16, 18, 27, 29, 31, 35, 36, 40, 42, 44, 45, 47, 68], "summary": {"covered_lines": 12, "num_statements": 12, "percent_covered": 100.0, "percent_covered_display": "100", "missing_lines": 0, "excluded_lines": 0}, "missing_lines": [], "excluded_lines": []}}}, "fct/algorithms/hydrography/SelectHeadwaterBasins.py": {"executed_lines": [3, 16, 18, 29, 31, 32, 37, 39, 41, 42, 44, 46, 51, 58, 70], "summary": {"covered_lines": 13, "num_statements": 34, "percent_covered": 38.23529411764706, "percent_covered_display": "38", "missing_lines": 21, "excluded_lines": 0}, "missing_lines": [72, 73, 74, 76, 77, 78, 80, 82, 84, 86, 87, 89, 90, 92, 94, 96, 97, 99, 101, 103, 105], "excluded_lines": [], "functions": {"SelectHeadwaterBasins.initAlgorithm": {"executed_lines": [46, 51, 58], "summary": {"covered_lines": 3, "num_statements": 3, "percent_covered": 100.0, "percent_covered_display": "100", "missing_lines": 0, "excluded_lines": 0}, "missing_lines": [], "excluded_lines": []}, "SelectHeadwaterBasins.processAlgorithm": {"executed_lines": [], "summary": {"covered_lines": 0, "num_statements": 21, "percent_covered": 0.0, "percent_covered_display": "0", "missing_lines": 21, "excluded_lines": 0}, "missing_lines": [72, 73, 74, 76, 77, 78, 80, 82, 84, 86, 87, 89, 90, 92, 94, 96, 97, 99, 101, 103, 105], "excluded_lines": []}, "": {"executed_lines": [3, 16, 18, 29, 31, 32, 37, 39, 41, 42, 44, 70], "summary": {"covered_lines": 10, "num_statements": 10, "percent_covered": 100.0, "percent_covered_display": "100", "missing_lines": 0, "excluded_lines": 0}, "missing_lines": [], "excluded_lines": []}}, "classes": {"SelectHeadwaterBasins": {"executed_lines": [46, 51, 58], "summary": {"covered_lines": 3, "num_statements": 24, "percent_covered": 12.5, "percent_covered_display": "12", "missing_lines": 21, "excluded_lines": 0}, "missing_lines": [72, 73, 74, 76, 77, 78, 80, 82, 84, 86, 87, 89, 90, 92, 94, 96, 97, 99, 101, 103, 105], "excluded_lines": []}, "": {"executed_lines": [3, 16, 18, 29, 31, 32, 37, 39, 41, 42, 44, 70], "summary": {"covered_lines": 10, "num_statements": 10, "percent_covered": 100.0, "percent_covered_display": "100", "missing_lines": 0, "excluded_lines": 0}, "missing_lines": [], "excluded_lines": []}}}, "fct/algorithms/hydrography/StrahlerOrder.py": {"executed_lines": [3, 16, 18, 22, 35, 36, 38, 39, 42, 44, 45, 46, 47, 48, 50, 52, 57, 64, 71, 79, 84], "summary": {"covered_lines": 19, "num_statements": 83, "percent_covered": 22.89156626506024, "percent_covered_display": "23", "missing_lines": 64, "excluded_lines": 0}, "missing_lines": [86, 88, 89, 90, 91, 95, 96, 98, 100, 101, 102, 104, 106, 107, 109, 110, 111, 113, 114, 116, 117, 119, 121, 125, 126, 128, 130, 131, 135, 137, 138, 140, 141, 146, 153, 155, 157, 159, 161, 162, 166, 167, 171, 172, 174, 181, 183, 184, 190, 191, 193, 194, 196, 197, 199, 205, 207, 208, 210, 211, 212, 215, 217, 219], "excluded_lines": [], "functions": {"StrahlerOrder.initAlgorithm": {"executed_lines": [52, 57, 64, 71, 79], "summary": {"covered_lines": 5, "num_statements": 5, "percent_covered": 100.0, "percent_covered_display": "100", "missing_lines": 0, "excluded_lines": 0}, "missing_lines": [], "excluded_lines": []}, "StrahlerOrder.processAlgorithm": {"executed_lines": [], "summary": {"covered_lines": 0, "num_statements": 64, "percent_covered": 0.0, "percent_covered_display": "0", "missing_lines": 64, "excluded_lines": 0}, "missing_lines": [86, 88, 89, 90, 91, 95, 96, 98, 100, 101, 102, 104, 106, 107, 109, 110, 111, 113, 114, 116, 117, 119, 121, 125, 126, 128, 130, 131, 135, 137, 138, 140, 141, 146, 153, 155, 157, 159, 161, 162, 166, 167, 171, 172, 174, 181, 183, 184, 190, 191, 193, 194, 196, 197, 199, 205, 207, 208, 210, 211, 212, 215, 217, 219], "excluded_lines": []}, "": {"executed_lines": [3, 16, 18, 22, 35, 36, 38, 39, 42, 44, 45, 46, 47, 48, 50, 84], "summary": {"covered_lines": 14, "num_statements": 14, "percent_covered": 100.0, "percent_covered_display": "100", "missing_lines": 0, "excluded_lines": 0}, "missing_lines": [], "excluded_lines": []}}, "classes": {"StrahlerOrder": {"executed_lines": [52, 57, 64, 71, 79], "summary": {"covered_lines": 5, "num_statements": 69, "percent_covered": 7.246376811594203, "percent_covered_display": "7", "missing_lines": 64, "excluded_lines": 0}, "missing_lines": [86, 88, 89, 90, 91, 95, 96, 98, 100, 101, 102, 104, 106, 107, 109, 110, 111, 113, 114, 116, 117, 119, 121, 125, 126, 128, 130, 131, 135, 137, 138, 140, 141, 146, 153, 155, 157, 159, 161, 162, 166, 167, 171, 172, 174, 181, 183, 184, 190, 191, 193, 194, 196, 197, 199, 205, 207, 208, 210, 211, 212, 215, 217, 219], "excluded_lines": []}, "": {"executed_lines": [3, 16, 18, 22, 35, 36, 38, 39, 42, 44, 45, 46, 47, 48, 50, 84], "summary": {"covered_lines": 14, "num_statements": 14, "percent_covered": 100.0, "percent_covered_display": "100", "missing_lines": 0, "excluded_lines": 0}, "missing_lines": [], "excluded_lines": []}}}, "fct/algorithms/hydrography/TotalUpstreamChannelLength.py": {"executed_lines": [3, 17, 19, 23, 37, 38, 40, 42, 43, 51, 53, 54, 55, 56, 57, 59, 61, 66, 73, 80, 86, 91], "summary": {"covered_lines": 20, "num_statements": 161, "percent_covered": 12.422360248447205, "percent_covered_display": "12", "missing_lines": 141, "excluded_lines": 0}, "missing_lines": [93, 94, 95, 96, 98, 99, 101, 111, 113, 116, 117, 118, 119, 121, 123, 124, 126, 127, 129, 130, 131, 132, 133, 135, 137, 144, 146, 147, 151, 152, 153, 155, 157, 158, 160, 161, 162, 164, 165, 169, 171, 173, 174, 175, 178, 179, 180, 183, 185, 186, 188, 194, 195, 197, 198, 199, 200, 201, 203, 207, 208, 211, 217, 218, 219, 220, 230, 235, 236, 238, 240, 241, 243, 244, 246, 247, 249, 251, 260, 262, 263, 264, 266, 268, 269, 270, 274, 275, 277, 279, 280, 282, 283, 284, 286, 287, 288, 290, 292, 294, 295, 296, 298, 300, 306, 307, 308, 312, 313, 315, 317, 318, 320, 322, 324, 325, 327, 329, 330, 331, 333, 334, 335, 337, 339, 341, 342, 344, 346, 347, 349, 350, 352, 353, 355, 357, 358, 359, 363, 365, 367], "excluded_lines": [], "functions": {"TotalUpstreamChannelLength.initAlgorithm": {"executed_lines": [61, 66, 73, 80, 86], "summary": {"covered_lines": 5, "num_statements": 5, "percent_covered": 100.0, "percent_covered_display": "100", "missing_lines": 0, "excluded_lines": 0}, "missing_lines": [], "excluded_lines": []}, "TotalUpstreamChannelLength.processAlgorithm": {"executed_lines": [], "summary": {"covered_lines": 0, "num_statements": 122, "percent_covered": 0.0, "percent_covered_display": "0", "missing_lines": 122, "excluded_lines": 0}, "missing_lines": [93, 94, 95, 96, 98, 99, 101, 111, 113, 116, 117, 118, 119, 121, 123, 124, 126, 127, 129, 130, 131, 132, 133, 135, 137, 144, 146, 147, 151, 152, 153, 155, 157, 158, 160, 161, 162, 164, 165, 169, 171, 173, 174, 175, 178, 179, 180, 183, 185, 186, 188, 194, 195, 197, 198, 199, 200, 201, 203, 207, 208, 211, 217, 218, 219, 220, 230, 274, 275, 277, 279, 280, 282, 283, 284, 286, 287, 288, 290, 292, 294, 295, 296, 298, 300, 306, 307, 308, 312, 313, 315, 317, 318, 320, 322, 324, 325, 327, 329, 330, 331, 333, 334, 335, 337, 339, 341, 342, 344, 346, 347, 349, 350, 352, 353, 355, 357, 358, 359, 363, 365, 367], "excluded_lines": []}, "TotalUpstreamChannelLength.processAlgorithm.set_extra_contribution": {"executed_lines": [], "summary": {"covered_lines": 0, "num_statements": 19, "percent_covered": 0.0, "percent_covered_display": "0", "missing_lines": 19, "excluded_lines": 0}, "missing_lines": [235, 236, 238, 240, 241, 243, 244, 246, 247, 249, 251, 260, 262, 263, 264, 266, 268, 269, 270], "excluded_lines": []}, "": {"executed_lines": [3, 17, 19, 23, 37, 38, 40, 42, 43, 51, 53, 54, 55, 56, 57, 59, 91], "summary": {"covered_lines": 15, "num_statements": 15, "percent_covered": 100.0, "percent_covered_display": "100", "missing_lines": 0, "excluded_lines": 0}, "missing_lines": [], "excluded_lines": []}}, "classes": {"TotalUpstreamChannelLength": {"executed_lines": [61, 66, 73, 80, 86], "summary": {"covered_lines": 5, "num_statements": 146, "percent_covered": 3.4246575342465753, "percent_covered_display": "3", "missing_lines": 141, "excluded_lines": 0}, "missing_lines": [93, 94, 95, 96, 98, 99, 101, 111, 113, 116, 117, 118, 119, 121, 123, 124, 126, 127, 129, 130, 131, 132, 133, 135, 137, 144, 146, 147, 151, 152, 153, 155, 157, 158, 160, 161, 162, 164, 165, 169, 171, 173, 174, 175, 178, 179, 180, 183, 185, 186, 188, 194, 195, 197, 198, 199, 200, 201, 203, 207, 208, 211, 217, 218, 219, 220, 230, 235, 236, 238, 240, 241, 243, 24
[...]
workflows/disaggregation/__init__.py": {"executed_lines": [3, 16, 17, 18], "summary": {"covered_lines": 3, "num_statements": 3, "percent_covered": 100.0, "percent_covered_display": "100", "missing_lines": 0, "excluded_lines": 0}, "missing_lines": [], "excluded_lines": [], "functions": {"": {"executed_lines": [3, 16, 17, 18], "summary": {"covered_lines": 3, "num_statements": 3, "percent_covered": 100.0, "percent_covered_display": "100", "missing_lines": 0, "excluded_lines": 0}, "missing_lines": [], "excluded_lines": []}}, "classes": {"": {"executed_lines": [3, 16, 17, 18], "summary": {"covered_lines": 3, "num_statements": 3, "percent_covered": 100.0, "percent_covered_display": "100", "missing_lines": 0, "excluded_lines": 0}, "missing_lines": [], "excluded_lines": []}}}, "fct/workflows/metadata.py": {"executed_lines": [3, 16, 17, 20, 24, 26, 27, 34, 35, 37, 41, 43, 44, 46, 48, 49, 51, 53, 54, 56, 60, 63, 66, 69, 72, 75, 78, 81], "summary": {"covered_lines": 26, "num_statements": 36, "percent_covered": 72.22222222222223, "percent_covered_display": "72", "missing_lines": 10, "excluded_lines": 0}, "missing_lines": [57, 58, 61, 64, 67, 70, 73, 76, 79, 82], "excluded_lines": [], "functions": {"AlgorithmMetadata.read": {"executed_lines": [37, 41], "summary": {"covered_lines": 2, "num_statements": 2, "percent_covered": 100.0, "percent_covered_display": "100", "missing_lines": 0, "excluded_lines": 0}, "missing_lines": [], "excluded_lines": []}, "AlgorithmMetadata.createInstance": {"executed_lines": [44], "summary": {"covered_lines": 1, "num_statements": 1, "percent_covered": 100.0, "percent_covered_display": "100", "missing_lines": 0, "excluded_lines": 0}, "missing_lines": [], "excluded_lines": []}, "AlgorithmMetadata.tr": {"executed_lines": [48, 49, 51], "summary": {"covered_lines": 3, "num_statements": 3, "percent_covered": 100.0, "percent_covered_display": "100", "missing_lines": 0, "excluded_lines": 0}, "missing_lines": [], "excluded_lines": []}, "AlgorithmMetadata.name": {"executed_lines": [54], "summary": {"covered_lines": 1, "num_statements": 1, "percent_covered": 100.0, "percent_covered_display": "100", "missing_lines": 0, "excluded_lines": 0}, "missing_lines": [], "excluded_lines": []}, "AlgorithmMetadata.displayName": {"executed_lines": [], "summary": {"covered_lines": 0, "num_statements": 2, "percent_covered": 0.0, "percent_covered_display": "0", "missing_lines": 2, "excluded_lines": 0}, "missing_lines": [57, 58], "excluded_lines": []}, "AlgorithmMetadata.groupId": {"executed_lines": [], "summary": {"covered_lines": 0, "num_statements": 1, "percent_covered": 0.0, "percent_covered_display": "0", "missing_lines": 1, "excluded_lines": 0}, "missing_lines": [61], "excluded_lines": []}, "AlgorithmMetadata.group": {"executed_lines": [], "summary": {"covered_lines": 0, "num_statements": 1, "percent_covered": 0.0, "percent_covered_display": "0", "missing_lines": 1, "excluded_lines": 0}, "missing_lines": [64], "excluded_lines": []}, "AlgorithmMetadata.helpString": {"executed_lines": [], "summary": {"covered_lines": 0, "num_statements": 1, "percent_covered": 0.0, "percent_covered_display": "0", "missing_lines": 1, "excluded_lines": 0}, "missing_lines": [67], "excluded_lines": []}, "AlgorithmMetadata.helpUrl": {"executed_lines": [], "summary": {"covered_lines": 0, "num_statements": 1, "percent_covered": 0.0, "percent_covered_display": "0", "missing_lines": 1, "excluded_lines": 0}, "missing_lines": [70], "excluded_lines": []}, "AlgorithmMetadata.shortDescription": {"executed_lines": [], "summary": {"covered_lines": 0, "num_statements": 1, "percent_covered": 0.0, "percent_covered_display": "0", "missing_lines": 1, "excluded_lines": 0}, "missing_lines": [73], "excluded_lines": []}, "AlgorithmMetadata.shortHelpString": {"executed_lines": [], "summary": {"covered_lines": 0, "num_statements": 1, "percent_covered": 0.0, "percent_covered_display": "0", "missing_lines": 1, "excluded_lines": 0}, "missing_lines": [76], "excluded_lines": []}, "AlgorithmMetadata.tags": {"executed_lines": [], "summary": {"covered_lines": 0, "num_statements": 1, "percent_covered": 0.0, "percent_covered_display": "0", "missing_lines": 1, "excluded_lines": 0}, "missing_lines": [79], "excluded_lines": []}, "AlgorithmMetadata.renderHelpText": {"executed_lines": [], "summary": {"covered_lines": 0, "num_statements": 1, "percent_covered": 0.0, "percent_covered_display": "0", "missing_lines": 1, "excluded_lines": 0}, "missing_lines": [82], "excluded_lines": []}, "": {"executed_lines": [3, 16, 17, 20, 24, 26, 27, 34, 35, 43, 46, 53, 56, 60, 63, 66, 69, 72, 75, 78, 81], "summary": {"covered_lines": 19, "num_statements": 19, "percent_covered": 100.0, "percent_covered_display": "100", "missing_lines": 0, "excluded_lines": 0}, "missing_lines": [], "excluded_lines": []}}, "classes": {"AlgorithmMetadata": {"executed_lines": [37, 41, 44, 48, 49, 51, 54], "summary": {"covered_lines": 7, "num_statements": 17, "percent_covered": 41.1764705882353, "percent_covered_display": "41", "missing_lines": 10, "excluded_lines": 0}, "missing_lines": [57, 58, 61, 64, 67, 70, 73, 76, 79, 82], "excluded_lines": []}, "": {"executed_lines": [3, 16, 17, 20, 24, 26, 27, 34, 35, 43, 46, 53, 56, 60, 63, 66, 69, 72, 75, 78, 81], "summary": {"covered_lines": 19, "num_statements": 19, "percent_covered": 100.0, "percent_covered_display": "100", "missing_lines": 0, "excluded_lines": 0}, "missing_lines": [], "excluded_lines": []}}}, "fct/workflows/metrics/ElevationAndSlope.py": {"executed_lines": [3, 16, 18, 26, 27, 29, 31, 33, 34, 35, 38, 40, 45, 50, 56, 58, 59, 61, 63, 75, 82, 87, 94, 101, 114], "summary": {"covered_lines": 24, "num_statements": 24, "percent_covered": 100.0, "percent_covered_display": "100", "missing_lines": 0, "excluded_lines": 0}, "missing_lines": [], "excluded_lines": [], "functions": {"ElevationAndSlope.initAlgorithm": {"executed_lines": [40, 45, 50], "summary": {"covered_lines": 3, "num_statements": 3, "percent_covered": 100.0, "percent_covered_display": "100", "missing_lines": 0, "excluded_lines": 0}, "missing_lines": [], "excluded_lines": []}, "ElevationAndSlope.processAlgorithm": {"executed_lines": [58, 59, 61, 63, 75, 82, 87, 94, 101, 114], "summary": {"covered_lines": 10, "num_statements": 10, "percent_covered": 100.0, "percent_covered_display": "100", "missing_lines": 0, "excluded_lines": 0}, "missing_lines": [], "excluded_lines": []}, "": {"executed_lines": [3, 16, 18, 26, 27, 29, 31, 33, 34, 35, 38, 56], "summary": {"covered_lines": 11, "num_statements": 11, "percent_covered": 100.0, "percent_covered_display": "100", "missing_lines": 0, "excluded_lines": 0}, "missing_lines": [], "excluded_lines": []}}, "classes": {"ElevationAndSlope": {"executed_lines": [40, 45, 50, 58, 59, 61, 63, 75, 82, 87, 94, 101, 114], "summary": {"covered_lines": 13, "num_statements": 13, "percent_covered": 100.0, "percent_covered_display": "100", "missing_lines": 0, "excluded_lines": 0}, "missing_lines": [], "excluded_lines": []}, "": {"executed_lines": [3, 16, 18, 26, 27, 29, 31, 33, 34, 35, 38, 56], "summary": {"covered_lines": 11, "num_statements": 11, "percent_covered": 100.0, "percent_covered_display": "100", "missing_lines": 0, "excluded_lines": 0}, "missing_lines": [], "excluded_lines": []}}}, "fct/workflows/metrics/PolygonWidth.py": {"executed_lines": [3, 16, 18, 31, 33, 34, 36, 38, 40, 41, 42, 43, 44, 45, 46, 47, 50, 52, 57, 62, 70, 78, 84, 90, 95, 102, 104, 105, 106, 107, 109, 110, 112, 114, 115, 117, 124, 131, 134, 136, 139, 142, 145, 147, 150, 153, 156, 157, 159, 160, 162, 164, 167, 170, 177], "summary": {"covered_lines": 54, "num_statements": 54, "percent_covered": 100.0, "percent_covered_display": "100", "missing_lines": 0, "excluded_lines": 0}, "missing_lines": [], "excluded_lines": [], "functions": {"PolygonWidth.initAlgorithm": {"executed_lines": [52, 57, 62, 70, 78, 84, 90, 95], "summary": {"covered_lines": 8, "num_statements": 8, "percent_covered": 100.0, "percent_covered_display": "100", "missing_lines": 0, "excluded_lines": 0}, "missing_lines": [], "excluded_lines": []}, "PolygonWidth.processAlgorithm": {"executed_lines": [104, 105, 106, 107, 109, 110, 112, 114, 115, 117, 124, 131, 134, 136, 139, 142, 145, 147, 150, 153, 156, 157, 159, 160, 162, 164, 167, 170, 177], "summary": {"covered_lines": 29, "num_statements": 29, "percent_covered": 100.0, "percent_covered_display": "100", "missing_lines": 0, "excluded_lines": 0}, "missing_lines": [], "excluded_lines": []}, "": {"executed_lines": [3, 16, 18, 31, 33, 34, 36, 38, 40, 41, 42, 43, 44, 45, 46, 47, 50, 102], "summary": {"covered_lines": 17, "num_statements": 17, "percent_covered": 100.0, "percent_covered_display": "100", "missing_lines": 0, "excluded_lines": 0}, "missing_lines": [], "excluded_lines": []}}, "classes": {"PolygonWidth": {"executed_lines": [52, 57, 62, 70, 78, 84, 90, 95, 104, 105, 106, 107, 109, 110, 112, 114, 115, 117, 124, 131, 134, 136, 139, 142, 145, 147, 150, 153, 156, 157, 159, 160, 162, 164, 167, 170, 177], "summary": {"covered_lines": 37, "num_statements": 37, "percent_covered": 100.0, "percent_covered_display": "100", "missing_lines": 0, "excluded_lines": 0}, "missing_lines": [], "excluded_lines": []}, "": {"executed_lines": [3, 16, 18, 31, 33, 34, 36, 38, 40, 41, 42, 43, 44, 45, 46, 47, 50, 102], "summary": {"covered_lines": 17, "num_statements": 17, "percent_covered": 100.0, "percent_covered_display": "100", "missing_lines": 0, "excluded_lines": 0}, "missing_lines": [], "excluded_lines": []}}}, "fct/workflows/metrics/__init__.py": {"executed_lines": [3, 16, 17], "summary": {"covered_lines": 2, "num_statements": 2, "percent_covered": 100.0, "percent_covered_display": "100", "missing_lines": 0, "excluded_lines": 0}, "missing_lines": [], "excluded_lines": [], "functions": {"": {"executed_lines": [3, 16, 17], "summary": {"covered_lines": 2, "num_statements": 2, "percent_covered": 100.0, "percent_covered_display": "100", "missing_lines": 0, "excluded_lines": 0}, "missing_lines": [], "excluded_lines": []}}, "classes": {"": {"executed_lines": [3, 16, 17], "summary": {"covered_lines": 2, "num_statements": 2, "percent_covered": 100.0, "percent_covered_display": "100", "missing_lines": 0, "excluded_lines": 0}, "missing_lines": [], "excluded_lines": []}}}, "fct/workflows/spatialcomponents/Centerline.py": {"executed_lines": [3, 16, 18, 27, 28, 30, 31, 35, 37, 38, 39, 40, 41, 43, 45, 50, 55, 61, 67, 71, 73, 74, 75, 77, 78, 79, 81, 83, 85, 87, 95, 96, 100, 107, 109, 116, 125, 132], "summary": {"covered_lines": 36, "num_statements": 36, "percent_covered": 100.0, "percent_covered_display": "100", "missing_lines": 0, "excluded_lines": 0}, "missing_lines": [], "excluded_lines": [], "functions": {"Centerline.initAlgorithm": {"executed_lines": [45, 50, 55, 61, 67], "summary": {"covered_lines": 5, "num_statements": 5, "percent_covered": 100.0, "percent_covered_display": "100", "missing_lines": 0, "excluded_lines": 0}, "missing_lines": [], "excluded_lines": []}, "Centerline.processAlgorithm": {"executed_lines": [73, 74, 75, 77, 78, 79, 81, 83, 85, 87, 95, 96, 100, 107, 109, 116, 125, 132], "summary": {"covered_lines": 18, "num_statements": 18, "percent_covered": 100.0, "percent_covered_display": "100", "missing_lines": 0, "excluded_lines": 0}, "missing_lines": [], "excluded_lines": []}, "": {"executed_lines": [3, 16, 18, 27, 28, 30, 31, 35, 37, 38, 39, 40, 41, 43, 71], "summary": {"covered_lines": 13, "num_statements": 13, "percent_covered": 100.0, "percent_covered_display": "100", "missing_lines": 0, "excluded_lines": 0}, "missing_lines": [], "excluded_lines": []}}, "classes": {"Centerline": {"executed_lines": [45, 50, 55, 61, 67, 73, 74, 75, 77, 78, 79, 81, 83, 85, 87, 95, 96, 100, 107, 109, 116, 125, 132], "summary": {"covered_lines": 23, "num_statements": 23, "percent_covered": 100.0, "percent_covered_display": "100", "missing_lines": 0, "excluded_lines": 0}, "missing_lines": [], "excluded_lines": []}, "": {"executed_lines": [3, 16, 18, 27, 28, 30, 31, 35, 37, 38, 39, 40, 41, 43, 71], "summary": {"covered_lines": 13, "num_statements": 13, "percent_covered": 100.0, "percent_covered_display": "100", "missing_lines": 0, "excluded_lines": 0}, "missing_lines": [], "excluded_lines": []}}}, "fct/workflows/spatialcomponents/ValleyBottom.py": {"executed_lines": [3, 16, 17, 18, 20, 30, 31, 33, 34, 38, 40, 41, 42, 43, 44, 45, 46, 47, 48, 49, 50, 52, 54, 59, 64, 71, 77, 83, 89, 95, 101, 106, 111, 115, 117, 124, 126, 127, 129, 137, 139, 159, 160, 162, 169, 171, 176, 177, 179, 194], "summary": {"covered_lines": 48, "num_statements": 55, "percent_covered": 87.27272727272727, "percent_covered_display": "87", "missing_lines": 7, "excluded_lines": 0}, "missing_lines": [140, 141, 142, 148, 149, 157, 172], "excluded_lines": [], "functions": {"ValleyBottom.initAlgorithm": {"executed_lines": [54, 59, 64, 71, 77, 83, 89, 95, 101, 106, 111], "summary": {"covered_lines": 11, "num_statements": 11, "percent_covered": 100.0, "percent_covered_display": "100", "missing_lines": 0, "excluded_lines": 0}, "missing_lines": [], "excluded_lines": []}, "ValleyBottom.processAlgorithm": {"executed_lines": [117, 124, 126, 127, 129, 137, 139, 159, 160, 162, 169, 171, 176, 177, 179, 194], "summary": {"covered_lines": 16, "num_statements": 23, "percent_covered": 69.56521739130434, "percent_covered_display": "70", "missing_lines": 7, "excluded_lines": 0}, "missing_lines": [140, 141, 142, 148, 149, 157, 172], "excluded_lines": []}, "": {"executed_lines": [3, 16, 17, 18, 20, 30, 31, 33, 34, 38, 40, 41, 42, 43, 44, 45, 46, 47, 48, 49, 50, 52, 115], "summary": {"covered_lines": 21, "num_statements": 21, "percent_covered": 100.0, "percent_covered_display": "100", "missing_lines": 0, "excluded_lines": 0}, "missing_lines": [], "excluded_lines": []}}, "classes": {"ValleyBottom": {"executed_lines": [54, 59, 64, 71, 77, 83, 89, 95, 101, 106, 111, 117, 124, 126, 127, 129, 137, 139, 159, 160, 162, 169, 171, 176, 177, 179, 194], "summary": {"covered_lines": 27, "num_statements": 34, "percent_covered": 79.41176470588235, "percent_covered_display": "79", "missing_lines": 7, "excluded_lines": 0}, "missing_lines": [140, 141, 142, 148, 149, 157, 172], "excluded_lines": []}, "": {"executed_lines": [3, 16, 17, 18, 20, 30, 31, 33, 34, 38, 40, 41, 42, 43, 44, 45, 46, 47, 48, 49, 50, 52, 115], "summary": {"covered_lines": 21, "num_statements": 21, "percent_covered": 100.0, "percent_covered_display": "100", "missing_lines": 0, "excluded_lines": 0}, "missing_lines": [], "excluded_lines": []}}}, "fct/workflows/spatialcomponents/__init__.py": {"executed_lines": [3, 17, 18], "summary": {"covered_lines": 2, "num_statements": 2, "percent_covered": 100.0, "percent_covered_display": "100", "missing_lines": 0, "excluded_lines": 0}, "missing_lines": [], "excluded_lines": [], "functions": {"": {"executed_lines": [3, 17, 18], "summary": {"covered_lines": 2, "num_statements": 2, "percent_covered": 100.0, "percent_covered_display": "100", "missing_lines": 0, "excluded_lines": 0}, "missing_lines": [], "excluded_lines": []}}, "classes": {"": {"executed_lines": [3, 17, 18], "summary": {"covered_lines": 2, "num_statements": 2, "percent_covered": 100.0, "percent_covered_display": "100", "missing_lines": 0, "excluded_lines": 0}, "missing_lines": [], "excluded_lines": []}}}, "fct/workflows/statistics/HubertTest.py": {"executed_lines": [3, 17, 19, 21, 22, 26], "summary": {"covered_lines": 4, "num_statements": 4, "percent_covered": 100.0, "percent_covered_display": "100", "missing_lines": 0, "excluded_lines": 0}, "missing_lines": [], "excluded_lines": [], "functions": {"": {"executed_lines": [3, 17, 19, 21, 22, 26], "summary": {"covered_lines": 4, "num_statements": 4, "percent_covered": 100.0, "percent_covered_display": "100", "missing_lines": 0, "excluded_lines": 0}, "missing_lines": [], "excluded_lines": []}}, "classes": {"HubertTest": {"executed_lines": [], "summary": {"covered_lines": 0, "num_statements": 0, "percent_covered": 100.0, "percent_covered_display": "100", "missing_lines": 0, "excluded_lines": 0}, "missing_lines": [], "excluded_lines": []}, "": {"executed_lines": [3, 17, 19, 21, 22, 26], "summary": {"covered_lines": 4, "num_statements": 4, "percent_covered": 100.0, "percent_covered_display": "100", "missing_lines": 0, "excluded_lines": 0}, "missing_lines": [], "excluded_lines": []}}}, "fct/workflows/statistics/__init__.py": {"executed_lines": [3, 16], "summary": {"covered_lines": 1, "num_statements": 1, "percent_covered": 100.0, "percent_covered_display": "100", "missing_lines": 0, "excluded_lines": 0}, "missing_lines": [], "excluded_lines": [], "functions": {"": {"executed_lines": [3, 16], "summary": {"covered_lines": 1, "num_statements": 1, "percent_covered": 100.0, "percent_covered_display": "100", "missing_lines": 0, "excluded_lines": 0}, "missing_lines": [], "excluded_lines": []}}, "classes": {"": {"executed_lines": [3, 16], "summary": {"covered_lines": 1, "num_statements": 1, "percent_covered": 100.0, "percent_covered_display": "100", "missing_lines": 0, "excluded_lines": 0}, "missing_lines": [], "excluded_lines": []}}}, "fct/workflows/util.py": {"executed_lines": [], "summary": {"covered_lines": 0, "num_statements": 31, "percent_covered": 0.0, "percent_covered_display": "0", "missing_lines": 31, "excluded_lines": 0}, "missing_lines": [16, 20, 24, 25, 26, 27, 29, 33, 34, 36, 37, 38, 40, 41, 44, 46, 51, 52, 54, 55, 57, 59, 60, 62, 63, 64, 66, 68, 74, 75, 76], "excluded_lines": [], "functions": {"asQgsFields": {"executed_lines": [], "summary": {"covered_lines": 0, "num_statements": 4, "percent_covered": 0.0, "percent_covered_display": "0", "missing_lines": 4, "excluded_lines": 0}, "missing_lines": [24, 25, 26, 27], "excluded_lines": []}, "FidGenerator.__init__": {"executed_lines": [], "summary": {"covered_lines": 0, "num_statements": 1, "percent_covered": 0.0, "percent_covered_display": "0", "missing_lines": 1, "excluded_lines": 0}, "missing_lines": [34], "excluded_lines": []}, "FidGenerator.__next__": {"executed_lines": [], "summary": {"covered_lines": 0, "num_statements": 2, "percent_covered": 0.0, "percent_covered_display": "0", "missing_lines": 2, "excluded_lines": 0}, "missing_lines": [37, 38], "excluded_lines": []}, "FidGenerator.value": {"executed_lines": [], "summary": {"covered_lines": 0, "num_statements": 1, "percent_covered": 0.0, "percent_covered_display": "0", "missing_lines": 1, "excluded_lines": 0}, "missing_lines": [44], "excluded_lines": []}, "createUniqueFieldName": {"executed_lines": [], "summary": {"covered_lines": 0, "num_statements": 11, "percent_covered": 0.0, "percent_covered_display": "0", "missing_lines": 11, "excluded_lines": 0}, "missing_lines": [51, 52, 54, 55, 57, 59, 60, 62, 63, 64, 66], "excluded_lines": []}, "appendUniqueField": {"executed_lines": [], "summary": {"covered_lines": 0, "num_statements": 3, "percent_covered": 0.0, "percent_covered_display": "0", "missing_lines": 3, "excluded_lines": 0}, "missing_lines": [74, 75, 76], "excluded_lines": []}, "": {"executed_lines": [], "summary": {"covered_lines": 0, "num_statements": 9, "percent_covered": 0.0, "percent_covered_display": "0", "missing_lines": 9, "excluded_lines": 0}, "missing_lines": [16, 20, 29, 33, 36, 40, 41, 46, 68], "excluded_lines": []}}, "classes": {"FidGenerator": {"executed_lines": [], "summary": {"covered_lines": 0, "num_statements": 4, "percent_covered": 0.0, "percent_covered_display": "0", "missing_lines": 4, "excluded_lines": 0}, "missing_lines": [34, 37, 38, 44], "excluded_lines": []}, "": {"executed_lines": [], "summary": {"covered_lines": 0, "num_statements": 27, "percent_covered": 0.0, "percent_covered_display": "0", "missing_lines": 27, "excluded_lines": 0}, "missing_lines": [16, 20, 24, 25, 26, 27, 29, 33, 36, 40, 41, 46, 51, 52, 54, 55, 57, 59, 60, 62, 63, 64, 66, 68, 74, 75, 76], "excluded_lines": []}}}}, "totals": {"covered_lines": 3776, "num_statements": 9842, "percent_covered": 38.36618573460679, "percent_covered_display": "38", "missing_lines": 6066, "excluded_lines": 0}}